[2025-10-14T02:13:27.113Z] 9.06
[2025-10-14T02:13:30.352Z] 3.34
[2025-10-14T02:13:33.591Z] 9.09
[2025-10-14T02:13:36.825Z] 4.87
[2025-10-14T02:13:40.038Z] 5.66
[2025-10-14T02:13:43.232Z] 9.94
[2025-10-14T02:13:46.462Z] 5.64
[2025-10-14T02:13:49.697Z] 6.41
[2025-10-14T02:13:52.932Z] 2.19
[2025-10-14T02:13:56.163Z] 1.54
[2025-10-14T02:13:59.395Z] 2.26
[2025-10-14T02:14:02.619Z] 3.02
[2025-10-14T02:14:05.855Z] 8.81
[2025-10-14T02:14:09.097Z] 9.49
[2025-10-14T02:14:12.336Z] 8.87
[2025-10-14T02:14:15.567Z] 9.60
[2025-10-14T02:14:18.784Z] 0.35
[2025-10-14T02:14:22.018Z] 6.13
[2025-10-14T02:14:25.257Z] 0.50
[2025-10-14T02:14:28.491Z] 1.22
[2025-10-14T02:14:31.716Z] 6.94
[2025-10-14T02:14:34.935Z] 2.71
[2025-10-14T02:14:38.159Z] 7.05
[2025-10-14T02:14:41.382Z] 7.83
[2025-10-14T02:14:44.620Z] 8.54
[2025-10-14T02:14:47.854Z] 9.28
[2025-10-14T02:14:51.088Z] 5.02
[2025-10-14T02:14:54.319Z] 9.41
[2025-10-14T02:14:57.557Z] 5.19
[2025-10-14T02:15:00.785Z] 5.93
[2025-10-14T02:15:04.016Z] 6.61
[2025-10-14T02:15:07.242Z] 0.91
[2025-10-14T02:15:10.476Z] 6.73
[2025-10-14T02:15:13.694Z] 7.51
[2025-10-14T02:15:16.927Z] 8.21
[2025-10-14T02:15:20.144Z] 2.55
[2025-10-14T02:15:23.345Z] 8.30
[2025-10-14T02:15:26.572Z] 9.09
[2025-10-14T02:15:29.808Z] 9.81
