[2025-10-14T02:13:27.042Z] 42.7
[2025-10-14T02:13:30.282Z] 28.3
[2025-10-14T02:13:33.517Z] 42.7
[2025-10-14T02:13:36.756Z] 32.2
[2025-10-14T02:13:39.972Z] 34.1
[2025-10-14T02:13:43.168Z] 44.8
[2025-10-14T02:13:46.393Z] 34.1
[2025-10-14T02:13:49.628Z] 36.0
[2025-10-14T02:13:52.862Z] 25.5
[2025-10-14T02:13:56.096Z] 23.9
[2025-10-14T02:13:59.325Z] 25.7
[2025-10-14T02:14:02.550Z] 27.5
[2025-10-14T02:14:05.784Z] 42.0
[2025-10-14T02:14:09.029Z] 43.7
[2025-10-14T02:14:12.264Z] 42.2
[2025-10-14T02:14:15.495Z] 44.0
[2025-10-14T02:14:18.720Z] 20.9
[2025-10-14T02:14:21.944Z] 35.3
[2025-10-14T02:14:25.181Z] 21.3
[2025-10-14T02:14:28.420Z] 23.0
[2025-10-14T02:14:31.645Z] 37.4
[2025-10-14T02:14:34.874Z] 26.8
[2025-10-14T02:14:38.088Z] 37.6
[2025-10-14T02:14:41.315Z] 39.6
[2025-10-14T02:14:44.544Z] 41.3
[2025-10-14T02:14:47.785Z] 43.2
[2025-10-14T02:14:51.020Z] 32.5
[2025-10-14T02:14:54.246Z] 43.5
[2025-10-14T02:14:57.484Z] 33.0
[2025-10-14T02:15:00.718Z] 34.8
[2025-10-14T02:15:03.949Z] 36.5
[2025-10-14T02:15:07.171Z] 22.3
[2025-10-14T02:15:10.409Z] 36.8
[2025-10-14T02:15:13.631Z] 38.8
[2025-10-14T02:15:16.858Z] 40.5
[2025-10-14T02:15:20.079Z] 26.4
[2025-10-14T02:15:23.285Z] 40.7
[2025-10-14T02:15:26.506Z] 42.7
[2025-10-14T02:15:29.737Z] 44.5
