[2025-10-14T02:13:27.183Z] 54.4
[2025-10-14T02:13:30.420Z] 20.0
[2025-10-14T02:13:33.662Z] 54.5
[2025-10-14T02:13:36.893Z] 29.2
[2025-10-14T02:13:40.096Z] 34.0
[2025-10-14T02:13:43.296Z] 59.6
[2025-10-14T02:13:46.531Z] 33.8
[2025-10-14T02:13:49.767Z] 38.5
[2025-10-14T02:13:53.002Z] 13.2
[2025-10-14T02:13:56.228Z] 9.3
[2025-10-14T02:13:59.466Z] 13.6
[2025-10-14T02:14:02.689Z] 18.1
[2025-10-14T02:14:05.931Z] 52.8
[2025-10-14T02:14:09.171Z] 57.0
[2025-10-14T02:14:12.404Z] 53.2
[2025-10-14T02:14:15.633Z] 57.6
[2025-10-14T02:14:18.851Z] 2.1
[2025-10-14T02:14:22.087Z] 36.8
[2025-10-14T02:14:25.326Z] 3.0
[2025-10-14T02:14:28.555Z] 7.3
[2025-10-14T02:14:31.787Z] 41.7
[2025-10-14T02:14:34.995Z] 16.3
[2025-10-14T02:14:38.218Z] 42.3
[2025-10-14T02:14:41.448Z] 47.0
[2025-10-14T02:14:44.688Z] 51.2
[2025-10-14T02:14:47.924Z] 55.7
[2025-10-14T02:14:51.156Z] 30.1
[2025-10-14T02:14:54.389Z] 56.4
[2025-10-14T02:14:57.621Z] 31.1
[2025-10-14T02:15:00.851Z] 35.6
[2025-10-14T02:15:04.080Z] 39.7
[2025-10-14T02:15:07.312Z] 5.5
[2025-10-14T02:15:10.541Z] 40.4
[2025-10-14T02:15:13.759Z] 45.1
[2025-10-14T02:15:16.992Z] 49.3
[2025-10-14T02:15:20.212Z] 15.3
[2025-10-14T02:15:23.410Z] 49.8
[2025-10-14T02:15:26.638Z] 54.5
[2025-10-14T02:15:29.874Z] 58.8
