1761239194: mosquitto version 2.0.22 starting
1761239194: Config loaded from /mosquitto/config/mosquitto.conf.
1761239194: Opening ipv4 listen socket on port 8883.
1761239194: Opening ipv6 listen socket on port 8883.
1761239194: Opening ipv4 listen socket on port 1883.
1761239194: Opening ipv6 listen socket on port 1883.
1761239194: Bridge local.2d9737a68e6a.bridge_broker2_to_broker1 doing local SUBSCRIBE on topic sensor/#
1761239194: Connecting bridge bridge_broker2_to_broker1 (broker1:8883)
1761239194: Bridge 2d9737a68e6a.bridge_broker2_to_broker1 sending CONNECT
1761239194: Bridge local.2d9737a68e6a.bridge_broker2_to_broker3 doing local SUBSCRIBE on topic sensor/#
1761239194: Connecting bridge bridge_broker2_to_broker3 (broker3:8883)
1761239194: Bridge 2d9737a68e6a.bridge_broker2_to_broker3 sending CONNECT
1761239194: mosquitto version 2.0.22 running
1761239194: New connection from 172.19.0.4:59768 on port 8883.
1761239194: New bridge connected from 172.19.0.4:59768 as 7491120c0bb0.bridge_broker3_to_broker2 (p2, c1, k60, u'broker').
1761239194: No will message specified.
1761239194: Sending CONNACK to 7491120c0bb0.bridge_broker3_to_broker2 (0, 0)
1761239194: Received CONNACK on connection local.2d9737a68e6a.bridge_broker2_to_broker1.
1761239194: Bridge local.2d9737a68e6a.bridge_broker2_to_broker1 sending UNSUBSCRIBE (Mid: 1, Topic: broker2/sensor/#)
1761239194: Received UNSUBACK from local.2d9737a68e6a.bridge_broker2_to_broker1
1761239194: Received CONNACK on connection local.2d9737a68e6a.bridge_broker2_to_broker3.
1761239194: Bridge local.2d9737a68e6a.bridge_broker2_to_broker3 sending UNSUBSCRIBE (Mid: 1, Topic: broker2/sensor/#)
1761239194: Received UNSUBACK from local.2d9737a68e6a.bridge_broker2_to_broker3
1761239194: Received UNSUBSCRIBE from 7491120c0bb0.bridge_broker3_to_broker2
1761239194: 	broker3/sensor/#
1761239194: 7491120c0bb0.bridge_broker3_to_broker2 broker3/sensor/#
1761239194: Sending UNSUBACK to 7491120c0bb0.bridge_broker3_to_broker2
1761239200: New connection from 172.19.0.2:47822 on port 8883.
1761239200: New bridge connected from 172.19.0.2:47822 as 06a770f3b11b.bridge_broker1_to_broker2 (p2, c1, k60, u'broker').
1761239200: No will message specified.
1761239200: Sending CONNACK to 06a770f3b11b.bridge_broker1_to_broker2 (0, 0)
1761239200: Received UNSUBSCRIBE from 06a770f3b11b.bridge_broker1_to_broker2
1761239200: 	broker1/sensor/#
1761239200: 06a770f3b11b.bridge_broker1_to_broker2 broker1/sensor/#
1761239200: Sending UNSUBACK to 06a770f3b11b.bridge_broker1_to_broker2
1761239203: Received PUBLISH from 06a770f3b11b.bridge_broker1_to_broker2 (d0, q0, r0, m0, 'broker1/sensor/wind', ... (56 bytes))
1761239204: Received PUBLISH from 06a770f3b11b.bridge_broker1_to_broker2 (d0, q0, r0, m0, 'broker1/sensor/rain', ... (56 bytes))
1761239206: Received PUBLISH from 06a770f3b11b.bridge_broker1_to_broker2 (d0, q0, r0, m0, 'broker1/sensor/rain', ... (56 bytes))
1761239208: Received PUBLISH from 06a770f3b11b.bridge_broker1_to_broker2 (d0, q0, r0, m0, 'broker1/sensor/wind', ... (56 bytes))
1761239210: Received PUBLISH from 06a770f3b11b.bridge_broker1_to_broker2 (d0, q0, r0, m0, 'broker1/sensor/wind', ... (56 bytes))
1761239215: Received PUBLISH from 06a770f3b11b.bridge_broker1_to_broker2 (d0, q0, r0, m0, 'broker1/sensor/wind', ... (56 bytes))
1761239217: Received PUBLISH from 06a770f3b11b.bridge_broker1_to_broker2 (d0, q0, r0, m0, 'broker1/sensor/rain', ... (56 bytes))
1761239221: Received PUBLISH from 06a770f3b11b.bridge_broker1_to_broker2 (d0, q0, r0, m0, 'broker1/sensor/temp', ... (56 bytes))
1761239223: Received PUBLISH from 06a770f3b11b.bridge_broker1_to_broker2 (d0, q0, r0, m0, 'broker1/sensor/wind', ... (56 bytes))
1761239226: Received PUBLISH from 06a770f3b11b.bridge_broker1_to_broker2 (d0, q0, r0, m0, 'broker1/sensor/wind', ... (56 bytes))
1761239229: Received PUBLISH from 06a770f3b11b.bridge_broker1_to_broker2 (d0, q0, r0, m0, 'broker1/sensor/rain', ... (56 bytes))
1761239231: Received PUBLISH from 06a770f3b11b.bridge_broker1_to_broker2 (d0, q0, r0, m0, 'broker1/sensor/temp', ... (56 bytes))
1761239234: Received PUBLISH from 06a770f3b11b.bridge_broker1_to_broker2 (d0, q0, r0, m0, 'broker1/sensor/rain', ... (56 bytes))
1761239236: Received PUBLISH from 06a770f3b11b.bridge_broker1_to_broker2 (d0, q0, r0, m0, 'broker1/sensor/rain', ... (56 bytes))
1761239251: New connection from 172.19.0.5:40262 on port 8883.
1761239251: New client connected from 172.19.0.5:40262 as client1 (p2, c1, k60, u'mqtt.haproxy.lab').
1761239251: No will message specified.
1761239251: Sending CONNACK to client1 (0, 0)
1761239251: Received PUBLISH from client1 (d0, q0, r0, m0, 'sensor/rain', ... (56 bytes))
1761239251: Sending PUBLISH to local.2d9737a68e6a.bridge_broker2_to_broker1 (d0, q0, r0, m0, 'broker2/sensor/rain', ... (56 bytes))
1761239251: Sending PUBLISH to local.2d9737a68e6a.bridge_broker2_to_broker3 (d0, q0, r0, m0, 'broker2/sensor/rain', ... (56 bytes))
1761239254: Sending PINGREQ to local.2d9737a68e6a.bridge_broker2_to_broker1
1761239254: Sending PINGREQ to local.2d9737a68e6a.bridge_broker2_to_broker3
1761239254: Received PINGREQ from 7491120c0bb0.bridge_broker3_to_broker2
1761239254: Sending PINGRESP to 7491120c0bb0.bridge_broker3_to_broker2
1761239254: Received PINGRESP from local.2d9737a68e6a.bridge_broker2_to_broker1
1761239254: Received PINGRESP from local.2d9737a68e6a.bridge_broker2_to_broker3
1761239256: Received PUBLISH from client1 (d0, q0, r0, m0, 'sensor/temp', ... (56 bytes))
1761239256: Sending PUBLISH to local.2d9737a68e6a.bridge_broker2_to_broker1 (d0, q0, r0, m0, 'broker2/sensor/temp', ... (56 bytes))
1761239256: Sending PUBLISH to local.2d9737a68e6a.bridge_broker2_to_broker3 (d0, q0, r0, m0, 'broker2/sensor/temp', ... (56 bytes))
1761239260: Received PINGREQ from 06a770f3b11b.bridge_broker1_to_broker2
1761239260: Sending PINGRESP to 06a770f3b11b.bridge_broker1_to_broker2
1761239260: Received PUBLISH from client1 (d0, q0, r0, m0, 'sensor/wind', ... (56 bytes))
1761239260: Sending PUBLISH to local.2d9737a68e6a.bridge_broker2_to_broker1 (d0, q0, r0, m0, 'broker2/sensor/wind', ... (56 bytes))
1761239260: Sending PUBLISH to local.2d9737a68e6a.bridge_broker2_to_broker3 (d0, q0, r0, m0, 'broker2/sensor/wind', ... (56 bytes))
1761239264: Received PUBLISH from client1 (d0, q0, r0, m0, 'sensor/wind', ... (56 bytes))
1761239264: Sending PUBLISH to local.2d9737a68e6a.bridge_broker2_to_broker1 (d0, q0, r0, m0, 'broker2/sensor/wind', ... (56 bytes))
1761239264: Sending PUBLISH to local.2d9737a68e6a.bridge_broker2_to_broker3 (d0, q0, r0, m0, 'broker2/sensor/wind', ... (56 bytes))
1761239266: Received PUBLISH from client1 (d0, q0, r0, m0, 'sensor/wind', ... (56 bytes))
1761239266: Sending PUBLISH to local.2d9737a68e6a.bridge_broker2_to_broker1 (d0, q0, r0, m0, 'broker2/sensor/wind', ... (56 bytes))
1761239266: Sending PUBLISH to local.2d9737a68e6a.bridge_broker2_to_broker3 (d0, q0, r0, m0, 'broker2/sensor/wind', ... (56 bytes))
1761239268: Received PUBLISH from client1 (d0, q0, r0, m0, 'sensor/wind', ... (56 bytes))
1761239268: Sending PUBLISH to local.2d9737a68e6a.bridge_broker2_to_broker1 (d0, q0, r0, m0, 'broker2/sensor/wind', ... (56 bytes))
1761239268: Sending PUBLISH to local.2d9737a68e6a.bridge_broker2_to_broker3 (d0, q0, r0, m0, 'broker2/sensor/wind', ... (56 bytes))
1761239272: Received PUBLISH from client1 (d0, q0, r0, m0, 'sensor/temp', ... (56 bytes))
1761239272: Sending PUBLISH to local.2d9737a68e6a.bridge_broker2_to_broker1 (d0, q0, r0, m0, 'broker2/sensor/temp', ... (56 bytes))
1761239272: Sending PUBLISH to local.2d9737a68e6a.bridge_broker2_to_broker3 (d0, q0, r0, m0, 'broker2/sensor/temp', ... (56 bytes))
1761239273: Received PUBLISH from client1 (d0, q0, r0, m0, 'sensor/rain', ... (56 bytes))
1761239273: Sending PUBLISH to local.2d9737a68e6a.bridge_broker2_to_broker1 (d0, q0, r0, m0, 'broker2/sensor/rain', ... (56 bytes))
1761239273: Sending PUBLISH to local.2d9737a68e6a.bridge_broker2_to_broker3 (d0, q0, r0, m0, 'broker2/sensor/rain', ... (56 bytes))
1761239274: Received PUBLISH from client1 (d0, q0, r0, m0, 'sensor/wind', ... (56 bytes))
1761239274: Sending PUBLISH to local.2d9737a68e6a.bridge_broker2_to_broker1 (d0, q0, r0, m0, 'broker2/sensor/wind', ... (56 bytes))
1761239274: Sending PUBLISH to local.2d9737a68e6a.bridge_broker2_to_broker3 (d0, q0, r0, m0, 'broker2/sensor/wind', ... (56 bytes))
1761239276: Received PUBLISH from client1 (d0, q0, r0, m0, 'sensor/temp', ... (56 bytes))
1761239276: Sending PUBLISH to local.2d9737a68e6a.bridge_broker2_to_broker1 (d0, q0, r0, m0, 'broker2/sensor/temp', ... (56 bytes))
1761239276: Sending PUBLISH to local.2d9737a68e6a.bridge_broker2_to_broker3 (d0, q0, r0, m0, 'broker2/sensor/temp', ... (56 bytes))
1761239277: Received PUBLISH from client1 (d0, q0, r0, m0, 'sensor/wind', ... (56 bytes))
1761239277: Sending PUBLISH to local.2d9737a68e6a.bridge_broker2_to_broker1 (d0, q0, r0, m0, 'broker2/sensor/wind', ... (56 bytes))
1761239277: Sending PUBLISH to local.2d9737a68e6a.bridge_broker2_to_broker3 (d0, q0, r0, m0, 'broker2/sensor/wind', ... (56 bytes))
1761239278: Received PUBLISH from client1 (d0, q0, r0, m0, 'sensor/rain', ... (56 bytes))
1761239278: Sending PUBLISH to local.2d9737a68e6a.bridge_broker2_to_broker1 (d0, q0, r0, m0, 'broker2/sensor/rain', ... (56 bytes))
1761239278: Sending PUBLISH to local.2d9737a68e6a.bridge_broker2_to_broker3 (d0, q0, r0, m0, 'broker2/sensor/rain', ... (56 bytes))
1761239283: Received PUBLISH from client1 (d0, q0, r0, m0, 'sensor/temp', ... (56 bytes))
1761239283: Sending PUBLISH to local.2d9737a68e6a.bridge_broker2_to_broker1 (d0, q0, r0, m0, 'broker2/sensor/temp', ... (56 bytes))
1761239283: Sending PUBLISH to local.2d9737a68e6a.bridge_broker2_to_broker3 (d0, q0, r0, m0, 'broker2/sensor/temp', ... (56 bytes))
1761239284: Received PUBLISH from client1 (d0, q0, r0, m0, 'sensor/temp', ... (56 bytes))
1761239284: Sending PUBLISH to local.2d9737a68e6a.bridge_broker2_to_broker1 (d0, q0, r0, m0, 'broker2/sensor/temp', ... (56 bytes))
1761239284: Sending PUBLISH to local.2d9737a68e6a.bridge_broker2_to_broker3 (d0, q0, r0, m0, 'broker2/sensor/temp', ... (56 bytes))
1761239286: Received PUBLISH from client1 (d0, q0, r0, m0, 'sensor/rain', ... (56 bytes))
1761239286: Sending PUBLISH to local.2d9737a68e6a.bridge_broker2_to_broker1 (d0, q0, r0, m0, 'broker2/sensor/rain', ... (56 bytes))
1761239286: Sending PUBLISH to local.2d9737a68e6a.bridge_broker2_to_broker3 (d0, q0, r0, m0, 'broker2/sensor/rain', ... (56 bytes))
1761239289: Received PUBLISH from client1 (d0, q0, r0, m0, 'sensor/temp', ... (56 bytes))
1761239289: Sending PUBLISH to local.2d9737a68e6a.bridge_broker2_to_broker1 (d0, q0, r0, m0, 'broker2/sensor/temp', ... (56 bytes))
1761239289: Sending PUBLISH to local.2d9737a68e6a.bridge_broker2_to_broker3 (d0, q0, r0, m0, 'broker2/sensor/temp', ... (56 bytes))
1761239293: Received DISCONNECT from client1
1761239293: Client client1 disconnected.
1761239314: Sending PINGREQ to local.2d9737a68e6a.bridge_broker2_to_broker1
1761239314: Sending PINGREQ to local.2d9737a68e6a.bridge_broker2_to_broker3
1761239314: Received PINGRESP from local.2d9737a68e6a.bridge_broker2_to_broker1
1761239314: Received PINGREQ from 7491120c0bb0.bridge_broker3_to_broker2
1761239314: Sending PINGRESP to 7491120c0bb0.bridge_broker3_to_broker2
1761239314: Received PINGRESP from local.2d9737a68e6a.bridge_broker2_to_broker3
1761239320: Received PINGREQ from 06a770f3b11b.bridge_broker1_to_broker2
1761239320: Sending PINGRESP to 06a770f3b11b.bridge_broker1_to_broker2
