[2025-10-13T15:34:59.507Z] 4.47
[2025-10-13T15:35:02.742Z] 5.22
[2025-10-13T15:35:05.978Z] 1.05
[2025-10-13T15:35:09.212Z] 5.36
[2025-10-13T15:35:12.449Z] 6.12
[2025-10-13T15:35:15.660Z] 6.82
[2025-10-13T15:35:18.892Z] 7.59
[2025-10-13T15:35:22.125Z] 8.35
[2025-10-13T15:35:25.373Z] 7.68
[2025-10-13T15:35:28.593Z] 3.40
[2025-10-13T15:35:31.828Z] 4.15
[2025-10-13T15:35:35.054Z] 4.98
[2025-10-13T15:35:38.294Z] 4.27
[2025-10-13T15:35:41.532Z] 0.05
[2025-10-13T15:35:44.772Z] 5.76
[2025-10-13T15:35:48.005Z] 1.51
[2025-10-13T15:35:51.236Z] 0.86
[2025-10-13T15:35:54.476Z] 6.59
[2025-10-13T15:35:57.710Z] 2.36
[2025-10-13T15:36:00.944Z] 8.07
[2025-10-13T15:36:04.184Z] 2.44
[2025-10-13T15:36:07.424Z] 3.16
[2025-10-13T15:36:10.624Z] 3.98
[2025-10-13T15:36:13.853Z] 4.73
[2025-10-13T15:36:17.091Z] 5.42
[2025-10-13T15:36:20.326Z] 9.75
[2025-10-13T15:36:23.540Z] 0.56
[2025-10-13T15:36:26.771Z] 6.26
[2025-10-13T15:36:29.997Z] 2.06
[2025-10-13T15:36:33.226Z] 1.37
[2025-10-13T15:36:36.467Z] 2.14
[2025-10-13T15:36:39.699Z] 2.89
[2025-10-13T15:36:42.941Z] 8.65
[2025-10-13T15:36:46.157Z] 7.95
[2025-10-13T15:36:49.392Z] 8.72
[2025-10-13T15:36:52.625Z] 4.49
[2025-10-13T15:36:55.866Z] 5.24
[2025-10-13T15:36:59.101Z] 0.99
[2025-10-13T15:37:02.337Z] 0.28
[2025-10-13T15:37:05.550Z] 6.05
[2025-10-13T15:37:08.775Z] 1.85
[2025-10-13T15:37:12.008Z] 7.58
[2025-10-13T15:37:15.241Z] 6.90
[2025-10-13T15:37:18.468Z] 2.62
[2025-10-13T15:37:21.706Z] 3.41
[2025-10-13T15:37:24.944Z] 4.14
[2025-10-13T15:37:28.179Z] 3.50
[2025-10-13T15:37:31.416Z] 9.25
[2025-10-13T15:37:34.656Z] 9.98
[2025-10-13T15:37:37.898Z] 0.74
[2025-10-13T15:37:41.127Z] 1.52
[2025-10-13T15:37:44.367Z] 0.87
[2025-10-13T15:37:47.607Z] 1.54
[2025-10-13T15:37:50.832Z] 2.34
[2025-10-13T15:37:54.066Z] 3.12
[2025-10-13T15:37:57.303Z] 7.44
[2025-10-13T15:38:00.524Z] 8.20
[2025-10-13T15:38:03.752Z] 8.97
[2025-10-13T15:38:06.984Z] 4.66
[2025-10-13T15:38:10.212Z] 8.97
[2025-10-13T15:38:13.444Z] 9.80
[2025-10-13T15:38:16.667Z] 5.57
[2025-10-13T15:38:19.903Z] 6.25
[2025-10-13T15:38:23.144Z] 7.01
[2025-10-13T15:38:26.374Z] 6.39
[2025-10-13T15:38:29.601Z] 2.12
[2025-10-13T15:38:32.818Z] 2.85
[2025-10-13T15:38:36.042Z] 8.59
[2025-10-13T15:38:39.273Z] 2.96
[2025-10-13T15:38:42.505Z] 8.70
[2025-10-13T15:38:45.729Z] 4.44
[2025-10-13T15:38:48.957Z] 5.19
[2025-10-13T15:38:52.200Z] 9.50
[2025-10-13T15:38:55.431Z] 0.26
[2025-10-13T15:38:58.661Z] 6.06
[2025-10-13T15:39:01.883Z] 1.82
[2025-10-13T15:39:05.125Z] 7.50
[2025-10-13T15:39:08.366Z] 1.86
[2025-10-13T15:39:11.599Z] 2.64
[2025-10-13T15:39:14.841Z] 3.39
[2025-10-13T15:39:18.076Z] 4.14
[2025-10-13T15:39:21.309Z] 3.44
[2025-10-13T15:39:24.570Z] 4.21
[2025-10-13T15:39:27.805Z] 4.96
[2025-10-13T15:39:31.047Z] 0.73
[2025-10-13T15:39:34.262Z] 5.04
[2025-10-13T15:39:37.496Z] 5.80
[2025-10-13T15:39:40.702Z] 6.55
[2025-10-13T15:39:43.917Z] 7.31
[2025-10-13T15:39:47.147Z] 1.65
[2025-10-13T15:39:50.380Z] 2.37
[2025-10-13T15:39:53.590Z] 3.13
[2025-10-13T15:39:56.817Z] 3.89
[2025-10-13T15:40:00.047Z] 4.65
[2025-10-13T15:40:03.282Z] 4.00
[2025-10-13T15:40:06.489Z] 9.74
[2025-10-13T15:40:09.692Z] 5.45
[2025-10-13T15:40:12.920Z] 1.26
[2025-10-13T15:40:16.142Z] 0.60
[2025-10-13T15:40:19.376Z] 6.27
[2025-10-13T15:40:22.603Z] 2.05
[2025-10-13T15:40:25.808Z] 7.84
[2025-10-13T15:40:29.035Z] 3.54
[2025-10-13T15:40:32.278Z] 2.92
[2025-10-13T15:40:35.520Z] 3.64
[2025-10-13T15:40:38.755Z] 4.39
[2025-10-13T15:40:41.984Z] 5.14
[2025-10-13T15:40:45.228Z] 9.54
[2025-10-13T15:40:48.455Z] 5.27
[2025-10-13T15:40:51.702Z] 1.01
[2025-10-13T15:40:54.937Z] 1.72
[2025-10-13T15:40:58.173Z] 1.10
[2025-10-13T15:41:01.398Z] 1.87
[2025-10-13T15:41:04.634Z] 2.61
[2025-10-13T15:41:07.874Z] 8.33
[2025-10-13T15:41:11.107Z] 4.10
[2025-10-13T15:41:14.343Z] 8.42
[2025-10-13T15:41:17.576Z] 9.19
[2025-10-13T15:41:20.785Z] 4.91
[2025-10-13T15:41:24.004Z] 0.65
[2025-10-13T15:41:27.240Z] 0.03
[2025-10-13T15:41:30.475Z] 0.80
[2025-10-13T15:41:33.700Z] 1.54
[2025-10-13T15:41:36.948Z] 7.22
[2025-10-13T15:41:40.183Z] 6.56
[2025-10-13T15:41:43.429Z] 7.29
[2025-10-13T15:41:46.653Z] 3.14
[2025-10-13T15:41:49.879Z] 3.83
[2025-10-13T15:41:53.085Z] 4.63
[2025-10-13T15:41:56.290Z] 8.94
[2025-10-13T15:41:59.517Z] 9.66
[2025-10-13T15:42:02.757Z] 0.43
[2025-10-13T15:42:05.984Z] 6.24
[2025-10-13T15:42:09.212Z] 0.55
[2025-10-13T15:42:12.444Z] 6.29
[2025-10-13T15:42:15.669Z] 2.04
[2025-10-13T15:42:18.890Z] 2.84
[2025-10-13T15:42:22.123Z] 3.56
[2025-10-13T15:42:25.357Z] 2.89
[2025-10-13T15:42:28.589Z] 3.63
[2025-10-13T15:42:31.813Z] 9.38
[2025-10-13T15:42:35.043Z] 5.14
[2025-10-13T15:42:38.276Z] 4.44
[2025-10-13T15:42:41.486Z] 5.23
[2025-10-13T15:42:44.708Z] 0.94
[2025-10-13T15:42:47.931Z] 6.75
[2025-10-13T15:42:51.154Z] 1.09
[2025-10-13T15:50:12.109Z] 7.91
[2025-10-13T15:50:15.333Z] 2.27
[2025-10-13T15:50:18.559Z] 7.99
[2025-10-13T15:50:21.789Z] 8.77
[2025-10-13T15:50:25.017Z] 4.52
[2025-10-13T15:50:28.243Z] 8.84
[2025-10-13T15:50:31.449Z] 4.59
[2025-10-13T15:50:34.676Z] 5.39
[2025-10-13T15:50:37.904Z] 1.10
[2025-10-13T15:50:41.130Z] 1.87
