[2025-10-13T15:34:59.440Z] 31.2
[2025-10-13T15:35:02.669Z] 33.1
[2025-10-13T15:35:05.905Z] 22.6
[2025-10-13T15:35:09.142Z] 33.4
[2025-10-13T15:35:12.381Z] 35.3
[2025-10-13T15:35:15.596Z] 37.0
[2025-10-13T15:35:18.824Z] 39.0
[2025-10-13T15:35:22.055Z] 40.9
[2025-10-13T15:35:25.301Z] 39.2
[2025-10-13T15:35:28.525Z] 28.5
[2025-10-13T15:35:31.762Z] 30.4
[2025-10-13T15:35:34.985Z] 32.4
[2025-10-13T15:35:38.215Z] 30.7
[2025-10-13T15:35:41.456Z] 20.1
[2025-10-13T15:35:44.701Z] 34.4
[2025-10-13T15:35:47.935Z] 23.8
[2025-10-13T15:35:51.165Z] 22.2
[2025-10-13T15:35:54.406Z] 36.5
[2025-10-13T15:35:57.640Z] 25.9
[2025-10-13T15:36:00.877Z] 40.2
[2025-10-13T15:36:04.108Z] 26.1
[2025-10-13T15:36:07.352Z] 27.9
[2025-10-13T15:36:10.563Z] 29.9
[2025-10-13T15:36:13.782Z] 31.8
[2025-10-13T15:36:17.022Z] 33.5
[2025-10-13T15:36:20.255Z] 44.4
[2025-10-13T15:36:23.479Z] 21.4
[2025-10-13T15:36:26.704Z] 35.7
[2025-10-13T15:36:29.935Z] 25.2
[2025-10-13T15:36:33.158Z] 23.4
[2025-10-13T15:36:36.394Z] 25.3
[2025-10-13T15:36:39.638Z] 27.2
[2025-10-13T15:36:42.868Z] 41.6
[2025-10-13T15:36:46.090Z] 39.9
[2025-10-13T15:36:49.323Z] 41.8
[2025-10-13T15:36:52.556Z] 31.2
[2025-10-13T15:36:55.799Z] 33.1
[2025-10-13T15:36:59.033Z] 22.5
[2025-10-13T15:37:02.267Z] 20.7
[2025-10-13T15:37:05.490Z] 35.1
[2025-10-13T15:37:08.704Z] 24.6
[2025-10-13T15:37:11.940Z] 39.0
[2025-10-13T15:37:15.178Z] 37.2
[2025-10-13T15:37:18.399Z] 26.6
[2025-10-13T15:37:21.633Z] 28.5
[2025-10-13T15:37:24.875Z] 30.3
[2025-10-13T15:37:28.109Z] 28.7
[2025-10-13T15:37:31.346Z] 43.1
[2025-10-13T15:37:34.585Z] 44.9
[2025-10-13T15:37:37.831Z] 21.9
[2025-10-13T15:37:41.052Z] 23.8
[2025-10-13T15:37:44.292Z] 22.2
[2025-10-13T15:37:47.532Z] 23.9
[2025-10-13T15:37:50.763Z] 25.9
[2025-10-13T15:37:53.996Z] 27.8
[2025-10-13T15:37:57.237Z] 38.6
[2025-10-13T15:38:00.461Z] 40.5
[2025-10-13T15:38:03.685Z] 42.4
[2025-10-13T15:38:06.915Z] 31.6
[2025-10-13T15:38:10.141Z] 42.4
[2025-10-13T15:38:13.389Z] 44.5
[2025-10-13T15:38:16.597Z] 33.9
[2025-10-13T15:38:19.832Z] 35.6
[2025-10-13T15:38:23.072Z] 37.5
[2025-10-13T15:38:26.306Z] 36.0
[2025-10-13T15:38:29.532Z] 25.3
[2025-10-13T15:38:32.755Z] 27.1
[2025-10-13T15:38:35.983Z] 41.5
[2025-10-13T15:38:39.202Z] 27.4
[2025-10-13T15:38:42.436Z] 41.8
[2025-10-13T15:38:45.657Z] 31.1
[2025-10-13T15:38:48.886Z] 33.0
[2025-10-13T15:38:52.119Z] 43.7
[2025-10-13T15:38:55.361Z] 20.6
[2025-10-13T15:38:58.591Z] 35.1
[2025-10-13T15:39:01.815Z] 24.5
[2025-10-13T15:39:05.052Z] 38.7
[2025-10-13T15:39:08.298Z] 24.7
[2025-10-13T15:39:11.529Z] 26.6
[2025-10-13T15:39:14.772Z] 28.5
[2025-10-13T15:39:18.005Z] 30.3
[2025-10-13T15:39:21.237Z] 28.6
[2025-10-13T15:39:24.482Z] 30.5
[2025-10-13T15:39:27.738Z] 32.4
[2025-10-13T15:39:30.971Z] 21.8
[2025-10-13T15:39:34.198Z] 32.6
[2025-10-13T15:39:37.426Z] 34.5
[2025-10-13T15:39:40.640Z] 36.4
[2025-10-13T15:39:43.848Z] 38.3
[2025-10-13T15:39:47.079Z] 24.1
[2025-10-13T15:39:50.310Z] 25.9
[2025-10-13T15:39:53.529Z] 27.8
[2025-10-13T15:39:56.748Z] 29.7
[2025-10-13T15:39:59.977Z] 31.6
[2025-10-13T15:40:03.214Z] 30.0
[2025-10-13T15:40:06.426Z] 44.4
[2025-10-13T15:40:09.632Z] 33.6
[2025-10-13T15:40:12.851Z] 23.2
[2025-10-13T15:40:16.076Z] 37.5
[2025-10-13T15:40:19.306Z] 35.7
[2025-10-13T15:40:22.531Z] 25.1
[2025-10-13T15:40:25.748Z] 39.6
[2025-10-13T15:40:28.962Z] 28.9
[2025-10-13T15:40:32.206Z] 27.3
[2025-10-13T15:40:35.445Z] 29.1
[2025-10-13T15:40:38.685Z] 31.0
[2025-10-13T15:40:41.917Z] 32.8
[2025-10-13T15:40:45.148Z] 43.8
[2025-10-13T15:40:48.375Z] 33.2
[2025-10-13T15:40:51.628Z] 22.5
[2025-10-13T15:40:54.869Z] 24.3
[2025-10-13T15:40:58.106Z] 22.8
[2025-10-13T15:41:01.329Z] 24.7
[2025-10-13T15:41:04.564Z] 26.5
[2025-10-13T15:41:07.802Z] 40.8
[2025-10-13T15:41:11.039Z] 30.3
[2025-10-13T15:41:14.274Z] 41.0
[2025-10-13T15:41:17.505Z] 43.0
[2025-10-13T15:41:20.725Z] 32.3
[2025-10-13T15:41:23.936Z] 21.6
[2025-10-13T15:41:27.172Z] 20.1
[2025-10-13T15:41:30.405Z] 22.0
[2025-10-13T15:41:33.635Z] 23.8
[2025-10-13T15:41:36.859Z] 38.1
[2025-10-13T15:41:40.115Z] 36.4
[2025-10-13T15:41:43.352Z] 38.2
[2025-10-13T15:41:46.575Z] 27.8
[2025-10-13T15:41:49.814Z] 29.6
[2025-10-13T15:41:53.018Z] 31.6
[2025-10-13T15:41:56.222Z] 42.4
[2025-10-13T15:41:59.448Z] 44.1
[2025-10-13T15:42:02.686Z] 21.1
[2025-10-13T15:42:05.920Z] 35.6
[2025-10-13T15:42:09.144Z] 21.4
[2025-10-13T15:42:12.378Z] 35.7
[2025-10-13T15:42:15.604Z] 25.1
[2025-10-13T15:42:18.821Z] 27.1
[2025-10-13T15:42:22.057Z] 28.9
[2025-10-13T15:42:25.291Z] 27.2
[2025-10-13T15:42:28.520Z] 29.1
[2025-10-13T15:42:31.752Z] 43.5
[2025-10-13T15:42:34.974Z] 32.9
[2025-10-13T15:42:38.207Z] 31.1
[2025-10-13T15:42:41.421Z] 33.1
[2025-10-13T15:42:44.641Z] 22.3
[2025-10-13T15:42:47.866Z] 36.9
[2025-10-13T15:42:51.089Z] 22.7
[2025-10-13T15:50:12.042Z] 39.8
[2025-10-13T15:50:15.267Z] 25.7
[2025-10-13T15:50:18.491Z] 40.0
[2025-10-13T15:50:21.725Z] 41.9
[2025-10-13T15:50:24.953Z] 31.3
[2025-10-13T15:50:28.175Z] 42.1
[2025-10-13T15:50:31.388Z] 31.5
[2025-10-13T15:50:34.608Z] 33.5
[2025-10-13T15:50:37.839Z] 22.8
[2025-10-13T15:50:41.064Z] 24.7
[2025-10-13T15:50:44.285Z] 35.5
