[2025-10-13T15:34:59.572Z] 26.8
[2025-10-13T15:35:02.805Z] 31.3
[2025-10-13T15:35:06.045Z] 6.3
[2025-10-13T15:35:09.280Z] 32.1
[2025-10-13T15:35:12.519Z] 36.7
[2025-10-13T15:35:15.730Z] 40.9
[2025-10-13T15:35:18.961Z] 45.6
[2025-10-13T15:35:22.200Z] 50.1
[2025-10-13T15:35:25.434Z] 46.1
[2025-10-13T15:35:28.665Z] 20.4
[2025-10-13T15:35:31.894Z] 24.9
[2025-10-13T15:35:35.123Z] 29.9
[2025-10-13T15:35:38.360Z] 25.6
[2025-10-13T15:35:41.601Z] 0.3
[2025-10-13T15:35:44.843Z] 34.6
[2025-10-13T15:35:48.073Z] 9.1
[2025-10-13T15:35:51.307Z] 5.2
[2025-10-13T15:35:54.546Z] 39.6
[2025-10-13T15:35:57.782Z] 14.2
[2025-10-13T15:36:01.010Z] 48.4
[2025-10-13T15:36:04.254Z] 14.7
[2025-10-13T15:36:07.488Z] 19.0
[2025-10-13T15:36:10.685Z] 23.9
[2025-10-13T15:36:13.928Z] 28.4
[2025-10-13T15:36:17.158Z] 32.5
[2025-10-13T15:36:20.396Z] 58.5
[2025-10-13T15:36:23.608Z] 3.4
[2025-10-13T15:36:26.841Z] 37.6
[2025-10-13T15:36:30.065Z] 12.4
[2025-10-13T15:36:33.312Z] 8.2
[2025-10-13T15:36:36.538Z] 12.8
[2025-10-13T15:36:39.769Z] 17.4
[2025-10-13T15:36:43.010Z] 51.9
[2025-10-13T15:36:46.229Z] 47.7
[2025-10-13T15:36:49.462Z] 52.3
[2025-10-13T15:36:52.705Z] 27.0
[2025-10-13T15:36:55.935Z] 31.4
[2025-10-13T15:36:59.171Z] 5.9
[2025-10-13T15:37:02.400Z] 1.7
[2025-10-13T15:37:05.608Z] 36.3
[2025-10-13T15:37:08.843Z] 11.1
[2025-10-13T15:37:12.077Z] 45.5
[2025-10-13T15:37:15.311Z] 41.4
[2025-10-13T15:37:18.537Z] 15.7
[2025-10-13T15:37:21.776Z] 20.5
[2025-10-13T15:37:25.014Z] 24.8
[2025-10-13T15:37:28.249Z] 21.0
[2025-10-13T15:37:31.489Z] 55.5
[2025-10-13T15:37:34.737Z] 59.9
[2025-10-13T15:37:37.968Z] 4.5
[2025-10-13T15:37:41.198Z] 9.1
[2025-10-13T15:37:44.435Z] 5.2
[2025-10-13T15:37:47.678Z] 9.3
[2025-10-13T15:37:50.901Z] 14.0
[2025-10-13T15:37:54.137Z] 18.7
[2025-10-13T15:37:57.368Z] 44.6
[2025-10-13T15:38:00.583Z] 49.2
[2025-10-13T15:38:03.820Z] 53.8
[2025-10-13T15:38:07.054Z] 27.9
[2025-10-13T15:38:10.283Z] 53.8
[2025-10-13T15:38:13.503Z] 58.8
[2025-10-13T15:38:16.736Z] 33.4
[2025-10-13T15:38:19.976Z] 37.5
[2025-10-13T15:38:23.208Z] 3.6
[2025-10-13T15:38:26.436Z] 38.3
[2025-10-13T15:38:29.669Z] 12.7
[2025-10-13T15:38:32.902Z] 17.1
[2025-10-13T15:38:36.103Z] 51.6
[2025-10-13T15:38:39.342Z] 17.7
[2025-10-13T15:38:42.576Z] 52.2
[2025-10-13T15:38:45.791Z] 26.7
[2025-10-13T15:38:49.026Z] 31.1
[2025-10-13T15:38:52.263Z] 57.0
[2025-10-13T15:38:55.499Z] 1.6
[2025-10-13T15:38:58.720Z] 36.3
[2025-10-13T15:39:01.954Z] 10.9
[2025-10-13T15:39:05.202Z] 45.0
[2025-10-13T15:39:08.429Z] 11.2
[2025-10-13T15:39:11.676Z] 15.9
[2025-10-13T15:39:14.909Z] 20.3
[2025-10-13T15:39:18.139Z] 24.8
[2025-10-13T15:39:21.384Z] 20.6
[2025-10-13T15:39:24.644Z] 25.2
[2025-10-13T15:39:27.875Z] 29.8
[2025-10-13T15:39:31.116Z] 4.4
[2025-10-13T15:39:34.325Z] 30.2
[2025-10-13T15:39:37.566Z] 34.8
[2025-10-13T15:39:40.758Z] 39.3
[2025-10-13T15:39:43.989Z] 43.9
[2025-10-13T15:39:47.214Z] 9.9
[2025-10-13T15:39:50.449Z] 14.2
[2025-10-13T15:39:53.657Z] 18.8
[2025-10-13T15:39:56.882Z] 23.4
[2025-10-13T15:40:00.115Z] 27.9
[2025-10-13T15:40:03.343Z] 24.0
[2025-10-13T15:40:06.553Z] 58.5
[2025-10-13T15:40:09.755Z] 32.7
[2025-10-13T15:40:12.984Z] 7.6
[2025-10-13T15:40:16.209Z] 3.6
[2025-10-13T15:40:19.445Z] 37.6
[2025-10-13T15:40:22.671Z] 12.3
[2025-10-13T15:40:25.867Z] 47.0
[2025-10-13T15:40:29.109Z] 21.3
[2025-10-13T15:40:32.352Z] 17.5
[2025-10-13T15:40:35.591Z] 21.8
[2025-10-13T15:40:38.824Z] 26.4
[2025-10-13T15:40:42.052Z] 30.8
[2025-10-13T15:40:45.289Z] 57.2
[2025-10-13T15:40:48.529Z] 31.6
[2025-10-13T15:40:51.769Z] 6.1
[2025-10-13T15:40:55.007Z] 10.3
[2025-10-13T15:40:58.236Z] 6.6
[2025-10-13T15:41:01.467Z] 11.2
[2025-10-13T15:41:04.706Z] 15.7
[2025-10-13T15:41:07.942Z] 50.0
[2025-10-13T15:41:11.178Z] 24.6
[2025-10-13T15:41:14.410Z] 50.5
[2025-10-13T15:41:17.648Z] 55.1
[2025-10-13T15:41:20.843Z] 29.4
[2025-10-13T15:41:24.074Z] 3.9
[2025-10-13T15:41:27.308Z] 0.2
[2025-10-13T15:41:30.548Z] 4.8
[2025-10-13T15:41:33.768Z] 9.2
[2025-10-13T15:41:37.018Z] 43.3
[2025-10-13T15:41:40.253Z] 39.4
[2025-10-13T15:41:43.483Z] 43.8
[2025-10-13T15:41:46.720Z] 18.8
[2025-10-13T15:41:49.941Z] 23.0
[2025-10-13T15:41:53.145Z] 27.8
[2025-10-13T15:41:56.352Z] 53.7
[2025-10-13T15:41:59.587Z] 57.9
[2025-10-13T15:42:02.841Z] 2.6
[2025-10-13T15:42:06.052Z] 37.5
[2025-10-13T15:42:09.284Z] 3.3
[2025-10-13T15:42:12.510Z] 37.7
[2025-10-13T15:42:15.727Z] 12.2
[2025-10-13T15:42:18.958Z] 17.0
[2025-10-13T15:42:22.192Z] 21.3
[2025-10-13T15:42:25.424Z] 17.3
[2025-10-13T15:42:28.658Z] 21.8
[2025-10-13T15:42:31.877Z] 56.3
[2025-10-13T15:42:35.113Z] 30.9
[2025-10-13T15:42:38.340Z] 26.7
[2025-10-13T15:42:41.553Z] 31.4
[2025-10-13T15:42:44.772Z] 5.6
[2025-10-13T15:42:47.997Z] 40.5
[2025-10-13T15:42:51.223Z] 6.6
[2025-10-13T15:50:12.169Z] 47.5
[2025-10-13T15:50:15.398Z] 13.6
[2025-10-13T15:50:18.628Z] 47.9
[2025-10-13T15:50:21.856Z] 52.6
[2025-10-13T15:50:25.081Z] 27.1
[2025-10-13T15:50:28.305Z] 53.0
[2025-10-13T15:50:31.509Z] 27.6
[2025-10-13T15:50:34.742Z] 32.3
[2025-10-13T15:50:37.968Z] 6.6
[2025-10-13T15:50:41.198Z] 11.2
