[2025-10-18T09:05:52.690Z] 3.26
[2025-10-18T09:05:56.859Z] 1.3
[2025-10-18T09:05:59.605Z] 36.07
[2025-10-18T09:06:11.766Z] 25.51
[2025-10-18T09:06:21.938Z] 3.65
[2025-10-18T09:06:24.173Z] 23.07
[2025-10-18T09:06:37.314Z] 42.93
[2025-10-18T09:06:41.268Z] 38.78
[2025-10-18T09:06:51.825Z] 27.69
[2025-10-18T09:07:06.065Z] 15.56
[2025-10-18T09:07:08.813Z] 28.72
[2025-10-18T09:07:14.040Z] 35.81
[2025-10-18T09:07:26.093Z] 36.1
[2025-10-18T09:07:35.052Z] 19
[2025-10-18T09:07:56.951Z] 40.62
[2025-10-18T09:08:34.269Z] 39.2
[2025-10-18T09:08:36.062Z] 32.89
[2025-10-18T09:08:46.221Z] 34.13
[2025-10-18T09:08:57.250Z] 11.48
[2025-10-18T09:09:18.521Z] 46.19
[2025-10-18T09:09:25.706Z] 42.65
[2025-10-18T09:09:31.226Z] 28.58
[2025-10-18T09:09:33.443Z] 48.02
[2025-10-18T09:09:46.450Z] 31.19
[2025-10-18T09:10:09.482Z] 45.14
[2025-10-18T09:10:16.083Z] 37.84
[2025-10-18T09:10:24.534Z] 29.25
[2025-10-18T09:10:32.606Z] 35.31
[2025-10-18T09:10:36.200Z] 33.63
[2025-10-18T09:10:44.501Z] 7.59
[2025-10-18T09:10:46.124Z] 14.27
[2025-10-18T09:10:51.792Z] 41.46
[2025-10-18T09:10:59.059Z] 25.88
[2025-10-18T09:11:10.495Z] 28.15
[2025-10-18T09:11:44.021Z] 44.57
[2025-10-18T09:11:50.150Z] 11.49
[2025-10-18T09:11:54.545Z] 15.12
[2025-10-18T09:12:04.620Z] 28.19
[2025-10-18T09:12:08.790Z] 36.85
[2025-10-18T09:12:12.062Z] 46.87
[2025-10-18T09:12:28.052Z] 40.38
[2025-10-18T09:12:37.360Z] 47.93
[2025-10-18T09:12:56.084Z] 4.45
[2025-10-18T09:13:06.804Z] 9.74
[2025-10-18T09:13:17.753Z] 4.41
[2025-10-18T09:13:25.943Z] 29.32
[2025-10-18T09:13:31.897Z] 31.83
[2025-10-18T09:13:44.244Z] 1.23
[2025-10-18T09:14:10.150Z] 30.72
[2025-10-18T09:14:17.237Z] 39.63
[2025-10-18T09:14:22.586Z] 36.36
[2025-10-18T09:14:26.838Z] 23.97
[2025-10-18T09:14:30.352Z] 14.96
[2025-10-18T09:14:32.853Z] 19.27
[2025-10-18T09:14:40.049Z] 19.72
[2025-10-18T09:14:44.624Z] 31.14
[2025-10-18T09:14:53.401Z] 13.44
[2025-10-18T09:15:00.569Z] 30.92
[2025-10-18T09:15:07.023Z] 29.51
[2025-10-18T09:15:11.266Z] 28.86
[2025-10-18T09:15:14.760Z] 12.92
[2025-10-18T09:15:20.003Z] 44.41
[2025-10-18T09:15:22.613Z] 45.28
[2025-10-18T09:15:28.752Z] 24.46
[2025-10-18T09:15:49.138Z] 6.64
[2025-10-18T09:16:04.772Z] 8.45
[2025-10-18T09:16:08.492Z] 19.9
[2025-10-18T09:16:17.626Z] 36.72
[2025-10-18T09:16:27.066Z] 45.1
[2025-10-18T09:16:46.942Z] 39.45
[2025-10-18T09:17:17.340Z] 26.77
[2025-10-18T09:17:25.213Z] 8.56
[2025-10-18T09:17:32.115Z] 3.8
[2025-10-18T09:17:37.287Z] 7.55
[2025-10-18T09:17:42.366Z] 21.33
[2025-10-18T09:17:48.873Z] 28.39
[2025-10-18T09:18:00.808Z] 23.86
[2025-10-18T09:18:11.005Z] 15.57
[2025-10-18T09:18:14.727Z] 10.24
[2025-10-18T09:18:24.141Z] 18.51
[2025-10-18T09:18:32.534Z] 42.51
[2025-10-18T09:18:34.960Z] 45.23
[2025-10-18T09:18:39.205Z] 31.41
[2025-10-18T09:18:41.799Z] 29.7
[2025-10-18T09:18:47.807Z] 4.35
[2025-10-18T09:19:02.090Z] 14.1
[2025-10-18T09:19:04.887Z] 26.76
[2025-10-18T09:19:15.382Z] 1.57
[2025-10-18T09:19:18.631Z] 20.56
[2025-10-18T09:19:28.390Z] 26.66
[2025-10-18T09:19:33.333Z] 5.71
[2025-10-18T09:19:36.185Z] 38.1
[2025-10-18T09:19:38.397Z] 16.21
[2025-10-18T09:19:45.207Z] 15.17
[2025-10-18T09:19:49.984Z] 21.37
[2025-10-18T09:19:58.677Z] 32.14
[2025-10-18T09:20:03.371Z] 27.24
[2025-10-18T09:20:11.402Z] 32.2
[2025-10-18T09:20:16.931Z] 46.77
[2025-10-18T09:20:34.019Z] 47.41
[2025-10-18T09:20:36.010Z] 46.87
[2025-10-18T09:33:41.129Z] 21.32
[2025-10-18T09:33:53.404Z] 21.91
[2025-10-18T09:34:03.859Z] 20.58
[2025-10-18T09:34:11.115Z] 30.08
[2025-10-18T09:34:26.169Z] 48.68
[2025-10-18T09:34:44.910Z] 37.67
[2025-10-18T09:34:46.732Z] 25.38
[2025-10-18T09:34:49.215Z] 16.43
[2025-10-18T09:34:57.306Z] 2.97
[2025-10-18T09:35:01.596Z] 29.14
[2025-10-18T09:35:11.409Z] 12.73
[2025-10-18T09:35:35.879Z] 5.53
[2025-10-18T09:35:44.268Z] 10.71
[2025-10-18T09:35:51.406Z] 38.71
[2025-10-18T09:35:56.119Z] 10.13
[2025-10-18T09:36:03.927Z] 27.06
[2025-10-18T09:36:09.650Z] 44.31
[2025-10-18T09:36:11.919Z] 18.56
[2025-10-18T09:36:16.125Z] 25.68
[2025-10-18T09:36:40.068Z] 42.62
[2025-10-18T09:36:43.234Z] 15.29
[2025-10-18T09:36:48.570Z] 37.02
[2025-10-18T09:37:00.438Z] 28.36
[2025-10-18T09:37:04.702Z] 36.11
[2025-10-18T09:42:40.504Z] 48.18
[2025-10-18T09:42:46.439Z] 15.8
[2025-10-18T09:42:53.824Z] 38.98
[2025-10-18T09:42:55.155Z] 14.97
[2025-10-18T09:42:57.357Z] 21.48
[2025-10-18T10:06:19.338Z] 22.68
[2025-10-18T10:06:35.634Z] 46.72
[2025-10-18T10:06:37.163Z] 0.36
[2025-10-18T10:22:24.635Z] 41.63
[2025-10-18T10:22:28.642Z] 11.46
[2025-10-18T10:22:32.887Z] 44.15
[2025-10-18T10:54:37.144Z] 41.05
[2025-10-18T10:54:47.317Z] 12.02
[2025-10-18T10:54:57.876Z] 49.97
[2025-10-18T10:55:00.228Z] 33.47
[2025-10-18T12:12:58.252Z] 38.75
[2025-10-18T12:13:19.518Z] 6.38
[2025-10-18T12:13:23.370Z] 10.61
[2025-10-18T13:26:44.184Z] 1
[2025-10-18T13:26:46.477Z] 18.09
[2025-10-18T13:26:48.535Z] 44.04
[2025-10-18T13:55:48.790Z] 4.9
[2025-10-18T13:55:58.124Z] 42.98
[2025-10-18T13:56:02.599Z] 2.88
[2025-10-18T13:56:09.957Z] 11.2
[2025-10-18T13:56:19.572Z] 26.21
[2025-10-18T13:56:46.341Z] 5.35
[2025-10-18T13:57:27.689Z] 14.29
[2025-10-18T13:57:36.913Z] 23.52
[2025-10-18T13:57:49.465Z] 44.31
[2025-10-18T13:57:52.197Z] 24.15
[2025-10-18T13:58:12.289Z] 22.22
[2025-10-18T13:58:34.499Z] 12.19
[2025-10-18T13:58:39.553Z] 32.83
[2025-10-18T13:58:47.329Z] 33.62
[2025-10-18T13:58:48.586Z] 15.6
[2025-10-18T13:58:53.479Z] 0.93
[2025-10-18T13:58:58.755Z] 29.37
[2025-10-18T13:59:02.990Z] 29.11
[2025-10-18T13:59:15.628Z] 7.24
[2025-10-18T13:59:18.680Z] 33.15
[2025-10-18T14:00:44.513Z] 10.79
[2025-10-18T14:00:49.905Z] 9.16
[2025-10-18T14:00:50.959Z] 32.88
[2025-10-18T14:00:53.630Z] 15.61
[2025-10-18T14:01:20.656Z] 32.37
[2025-10-18T14:01:32.101Z] 41.77
[2025-10-18T14:01:37.618Z] 24.61
[2025-10-18T14:01:46.966Z] 22.82
[2025-10-18T14:01:51.044Z] 28.63
[2025-10-18T14:02:03.091Z] 22.22
[2025-10-18T14:02:09.076Z] 22.24
[2025-10-18T14:02:18.924Z] 45.73
[2025-10-18T14:02:21.346Z] 35.12
[2025-10-18T14:02:30.567Z] 31.4
[2025-10-18T14:02:36.122Z] 10.15
[2025-10-18T14:02:37.572Z] 35.98
[2025-10-18T14:02:42.320Z] 1.54
[2025-10-18T14:02:50.463Z] 4.21
[2025-10-18T14:03:29.614Z] 16.77
[2025-10-18T14:03:39.388Z] 1.89
[2025-10-18T14:03:41.749Z] 36.17
[2025-10-18T14:03:50.046Z] 48.99
[2025-10-18T14:03:55.371Z] 11.81
[2025-10-18T14:04:05.639Z] 9.05
[2025-10-18T14:04:16.973Z] 9.68
[2025-10-18T14:04:31.512Z] 18.91
[2025-10-18T14:04:41.989Z] 18.33
[2025-10-18T14:04:45.496Z] 41.53
[2025-10-18T14:05:05.523Z] 30.96
[2025-10-18T14:05:13.038Z] 42
[2025-10-18T14:05:42.400Z] 5.71
[2025-10-18T14:05:49.423Z] 20.25
[2025-10-18T14:06:07.260Z] 1.16
[2025-10-18T14:06:26.625Z] 10.38
[2025-10-18T14:06:34.544Z] 9.88
[2025-10-18T14:06:45.046Z] 43.45
[2025-10-18T14:06:50.557Z] 31.13
[2025-10-18T14:06:53.706Z] 17.8
[2025-10-18T14:07:00.285Z] 42.82
[2025-10-18T14:07:08.274Z] 1.48
[2025-10-18T14:07:15.054Z] 4.37
[2025-10-18T14:07:19.765Z] 24.67
[2025-10-18T14:07:22.320Z] 33.07
[2025-10-18T14:07:31.281Z] 12.66
[2025-10-18T14:07:39.805Z] 48.12
[2025-10-18T14:07:41.910Z] 7.27
[2025-10-18T14:07:46.767Z] 6.95
[2025-10-18T14:07:51.302Z] 28.84
[2025-10-18T14:07:53.333Z] 36.67
[2025-10-18T14:07:54.564Z] 33.47
[2025-10-18T14:08:04.985Z] 42.78
[2025-10-18T14:08:11.576Z] 14.94
[2025-10-18T14:08:20.128Z] 2.5
[2025-10-18T14:08:26.882Z] 34.63
[2025-10-18T14:08:36.826Z] 42.61
[2025-10-18T14:08:45.863Z] 33.04
[2025-10-18T14:09:24.007Z] 27.41
[2025-10-18T14:09:26.920Z] 18.85
[2025-10-18T14:09:36.029Z] 32.52
[2025-10-18T14:09:45.104Z] 7.31
[2025-10-18T14:09:49.953Z] 30.31
[2025-10-18T14:09:51.674Z] 6.8
[2025-10-18T14:10:11.315Z] 8.64
[2025-10-18T14:10:14.412Z] 31.63
[2025-10-18T14:10:28.714Z] 27.26
[2025-10-18T14:10:43.709Z] 39.89
[2025-10-18T14:10:50.274Z] 19.83
[2025-10-18T14:10:55.735Z] 35.93
[2025-10-18T14:11:06.158Z] 5.43
[2025-10-18T14:11:30.908Z] 13.18
[2025-10-18T14:11:47.532Z] 48.86
[2025-10-18T14:11:58.720Z] 3.05
[2025-10-18T14:12:06.823Z] 26.29
[2025-10-18T14:12:11.976Z] 5.54
[2025-10-18T14:12:19.497Z] 16.12
[2025-10-18T14:12:36.895Z] 0.29
[2025-10-18T14:12:52.523Z] 48.61
[2025-10-18T14:12:55.853Z] 22.35
[2025-10-18T14:13:21.479Z] 17.61
[2025-10-18T14:13:27.147Z] 43.63
[2025-10-18T14:13:31.907Z] 13.35
[2025-10-18T14:13:56.269Z] 33.47
[2025-10-18T14:14:00.505Z] 18.67
[2025-10-18T14:14:08.002Z] 38.8
[2025-10-18T14:14:09.937Z] 49.25
[2025-10-18T14:14:14.832Z] 8.84
[2025-10-18T14:14:19.180Z] 22.77
[2025-10-18T14:14:31.603Z] 28.9
[2025-10-18T14:14:36.149Z] 29.42
[2025-10-18T14:14:53.808Z] 10.97
[2025-10-18T14:15:01.740Z] 33.44
[2025-10-18T14:15:06.941Z] 47.88
[2025-10-18T14:15:13.677Z] 22.22
[2025-10-18T14:15:28.568Z] 21.14
[2025-10-18T14:15:31.215Z] 3.13
[2025-10-18T14:15:46.219Z] 14
[2025-10-18T14:15:50.266Z] 39.77
[2025-10-18T14:15:57.911Z] 3.8
[2025-10-18T14:16:00.021Z] 35.71
[2025-10-18T14:16:03.955Z] 0.86
[2025-10-18T14:16:05.236Z] 30.02
[2025-10-18T14:16:13.858Z] 30.19
[2025-10-18T14:16:17.220Z] 27.25
[2025-10-18T14:16:18.579Z] 14.72
[2025-10-18T14:16:24.145Z] 30.35
[2025-10-18T14:16:36.407Z] 46.54
[2025-10-18T14:16:50.982Z] 6.63
[2025-10-18T14:16:54.795Z] 31.33
[2025-10-18T14:16:58.913Z] 42.86
[2025-10-18T14:17:06.619Z] 14.61
[2025-10-18T14:17:10.999Z] 16.12
[2025-10-18T14:17:37.410Z] 17.72
[2025-10-18T14:17:53.050Z] 34.03
[2025-10-18T14:17:55.710Z] 20.24
[2025-10-18T14:17:57.929Z] 27.35
[2025-10-18T14:18:04.715Z] 45.98
[2025-10-18T14:18:07.335Z] 45.16
[2025-10-18T14:18:11.056Z] 16.74
[2025-10-18T14:18:17.028Z] 40.12
[2025-10-18T14:18:33.442Z] 5.44
[2025-10-18T14:18:34.774Z] 18.71
[2025-10-18T14:18:44.466Z] 25.91
[2025-10-18T14:18:54.172Z] 42.17
[2025-10-18T14:19:03.734Z] 2.05
[2025-10-18T14:19:37.314Z] 40.8
[2025-10-18T14:19:38.968Z] 22.86
[2025-10-18T14:19:45.395Z] 27.68
[2025-10-18T14:19:46.763Z] 34.78
[2025-10-18T14:20:00.360Z] 24.46
[2025-10-18T14:20:03.387Z] 41.98
[2025-10-18T14:20:14.299Z] 10.92
[2025-10-18T14:20:17.612Z] 32.7
[2025-10-18T14:20:31.834Z] 41.79
[2025-10-18T14:20:36.266Z] 2.42
[2025-10-18T14:20:46.797Z] 16.84
[2025-10-18T14:21:16.581Z] 44.77
[2025-10-18T14:21:17.795Z] 14.54
[2025-10-18T14:21:26.907Z] 21.73
[2025-10-18T14:21:28.610Z] 1.91
[2025-10-18T14:21:33.202Z] 3.46
[2025-10-18T14:21:42.438Z] 22.37
[2025-10-18T14:21:43.548Z] 20.75
[2025-10-18T14:21:52.099Z] 49.5
[2025-10-18T14:21:55.871Z] 4.9
[2025-10-18T14:22:05.782Z] 10.66
[2025-10-18T14:22:23.126Z] 4.24
[2025-10-18T14:22:36.843Z] 30.53
[2025-10-18T14:22:40.796Z] 24.38
[2025-10-18T14:22:45.597Z] 44.11
[2025-10-18T14:22:47.417Z] 11.49
[2025-10-18T14:23:08.789Z] 10.44
[2025-10-18T14:23:21.429Z] 5.93
[2025-10-18T14:23:25.000Z] 35.64
[2025-10-18T14:23:29.265Z] 43.45
[2025-10-18T14:23:30.290Z] 2.09
[2025-10-18T14:23:33.891Z] 36.88
[2025-10-18T14:23:48.866Z] 2.34
[2025-10-18T14:24:14.845Z] 5.33
[2025-10-18T14:24:17.176Z] 17.32
[2025-10-18T14:24:32.761Z] 31.17
[2025-10-18T14:24:47.177Z] 17.92
[2025-10-18T14:24:51.938Z] 7.72
[2025-10-18T14:25:08.937Z] 42.49
[2025-10-18T14:25:18.084Z] 41.09
[2025-10-18T14:25:20.866Z] 36.75
[2025-10-18T14:25:25.668Z] 28.73
[2025-10-18T14:25:30.314Z] 20.47
[2025-10-18T14:25:39.077Z] 36.7
[2025-10-18T14:25:47.722Z] 39.66
[2025-10-18T14:25:49.628Z] 5.27
[2025-10-18T14:25:54.599Z] 23.65
[2025-10-18T14:26:05.990Z] 38.16
[2025-10-18T14:26:17.578Z] 41.41
[2025-10-18T14:26:40.677Z] 5.21
[2025-10-18T14:26:58.815Z] 45.55
[2025-10-18T14:27:04.893Z] 43.1
[2025-10-18T14:27:10.391Z] 24.8
[2025-10-18T14:27:17.450Z] 31.25
[2025-10-18T14:27:25.111Z] 17.88
[2025-10-18T14:27:50.413Z] 12.62
[2025-10-18T14:27:59.060Z] 4.52
[2025-10-18T14:28:12.622Z] 16.89
[2025-10-18T14:28:14.926Z] 45.61
[2025-10-18T14:28:21.640Z] 34.48
[2025-10-18T14:28:26.409Z] 21.82
[2025-10-18T14:28:37.645Z] 18.61
[2025-10-18T14:28:44.935Z] 5.07
[2025-10-18T14:28:49.746Z] 6.45
[2025-10-18T14:28:52.352Z] 23.75
[2025-10-18T14:28:53.902Z] 23.12
[2025-10-18T14:28:59.243Z] 16.34
[2025-10-18T14:29:11.125Z] 24.28
[2025-10-18T14:29:19.040Z] 17.38
[2025-10-18T14:29:27.334Z] 36.01
[2025-10-18T14:29:29.108Z] 31.42
[2025-10-18T14:29:30.506Z] 12.69
[2025-10-18T14:29:38.657Z] 3
[2025-10-18T14:29:40.989Z] 31.64
[2025-10-18T14:29:50.773Z] 39.46
[2025-10-18T14:29:56.095Z] 38.7
[2025-10-18T14:29:59.202Z] 34.43
[2025-10-18T14:30:00.411Z] 43.5
[2025-10-18T14:30:10.418Z] 12.61
[2025-10-18T14:30:13.335Z] 44.65
[2025-10-18T14:30:39.666Z] 13.63
[2025-10-18T14:30:43.606Z] 18.12
[2025-10-18T14:30:47.351Z] 36.83
[2025-10-18T14:30:54.409Z] 23.37
[2025-10-18T14:31:12.429Z] 43.4
[2025-10-18T14:31:21.754Z] 25.84
[2025-10-18T14:31:36.104Z] 33.1
[2025-10-18T14:31:40.363Z] 7.02
[2025-10-18T14:31:48.832Z] 34.51
[2025-10-18T14:31:53.397Z] 24.96
[2025-10-18T14:31:57.895Z] 3.97
[2025-10-18T14:32:00.311Z] 44.05
[2025-10-18T14:32:19.165Z] 9.73
[2025-10-18T14:32:32.625Z] 36.01
[2025-10-18T14:32:34.008Z] 23.81
[2025-10-18T14:32:43.496Z] 13.17
[2025-10-18T14:32:52.605Z] 30.96
[2025-10-18T14:32:59.730Z] 22.46
[2025-10-18T14:33:18.533Z] 27.21
[2025-10-18T14:33:20.225Z] 16.87
[2025-10-18T14:33:30.798Z] 0.3
[2025-10-18T14:33:56.379Z] 12.64
[2025-10-18T14:34:06.275Z] 11.95
[2025-10-18T14:34:17.776Z] 1.28
[2025-10-18T14:34:18.921Z] 7.64
[2025-10-18T14:34:27.236Z] 35.27
[2025-10-18T14:34:31.099Z] 44.95
[2025-10-18T14:34:34.955Z] 36
[2025-10-18T14:34:52.909Z] 29.22
[2025-10-18T14:35:10.572Z] 20.62
[2025-10-18T14:35:13.176Z] 35.03
[2025-10-18T14:35:21.221Z] 45.5
[2025-10-18T14:35:31.203Z] 42.88
[2025-10-18T14:35:38.692Z] 32.01
[2025-10-18T14:35:58.652Z] 9.62
[2025-10-18T14:36:11.403Z] 2.06
[2025-10-18T14:36:15.452Z] 0.24
[2025-10-18T14:36:20.075Z] 17.14
[2025-10-18T14:36:34.031Z] 35.26
[2025-10-18T14:36:40.056Z] 47.67
[2025-10-18T14:36:41.904Z] 27.07
[2025-10-18T14:37:16.625Z] 30.53
[2025-10-18T14:37:21.254Z] 9.62
[2025-10-18T14:37:25.040Z] 0.54
[2025-10-18T14:37:55.817Z] 43.37
[2025-10-18T14:38:00.064Z] 10.7
[2025-10-18T14:38:17.002Z] 41
[2025-10-18T14:38:18.522Z] 21.31
[2025-10-18T14:38:20.527Z] 9.86
[2025-10-18T14:38:26.629Z] 16.11
[2025-10-18T14:38:37.830Z] 29.3
[2025-10-18T14:38:50.277Z] 45.05
[2025-10-18T14:38:55.037Z] 25.74
[2025-10-18T14:39:00.431Z] 14.46
[2025-10-18T14:39:07.553Z] 29.72
[2025-10-18T14:39:10.462Z] 16.79
[2025-10-18T14:39:11.919Z] 30.13
[2025-10-18T14:39:19.541Z] 27.03
[2025-10-18T14:39:23.801Z] 26.24
[2025-10-18T14:39:31.520Z] 3.31
[2025-10-18T14:39:33.901Z] 19.92
[2025-10-18T14:40:06.649Z] 40.21
[2025-10-18T14:40:11.396Z] 49.31
[2025-10-18T14:40:15.561Z] 14.42
[2025-10-18T14:40:20.216Z] 24.26
[2025-10-18T14:40:26.141Z] 31.36
[2025-10-18T14:40:46.062Z] 4.49
[2025-10-18T14:40:52.538Z] 0.08
[2025-10-18T14:41:01.586Z] 6.62
[2025-10-18T14:41:06.995Z] 24.07
[2025-10-18T14:41:21.500Z] 9.64
[2025-10-18T14:41:51.265Z] 24.15
[2025-10-18T14:42:04.127Z] 38.59
[2025-10-18T14:42:08.705Z] 4.54
[2025-10-18T14:42:12.832Z] 41.97
[2025-10-18T14:42:16.982Z] 42.05
[2025-10-18T14:42:41.731Z] 17.96
[2025-10-18T14:42:44.107Z] 36.5
[2025-10-18T14:42:52.161Z] 4.32
[2025-10-18T14:43:06.061Z] 48.43
[2025-10-18T14:43:11.268Z] 47.98
[2025-10-18T14:43:13.683Z] 4.31
[2025-10-18T14:43:21.842Z] 8.03
[2025-10-18T14:43:24.363Z] 5.09
[2025-10-18T14:43:34.633Z] 48.27
[2025-10-18T14:44:05.033Z] 19.75
[2025-10-18T14:44:09.403Z] 23.31
[2025-10-18T14:44:12.443Z] 39.87
[2025-10-18T14:44:14.020Z] 12.61
[2025-10-18T14:44:17.650Z] 27.51
[2025-10-18T14:44:22.690Z] 11.78
[2025-10-18T14:44:24.623Z] 40.18
[2025-10-18T14:44:28.367Z] 5.61
[2025-10-18T14:45:19.896Z] 44.24
[2025-10-18T14:45:26.366Z] 30.13
[2025-10-18T14:45:31.658Z] 2.69
[2025-10-18T14:45:38.690Z] 32.26
[2025-10-18T14:45:41.887Z] 28.24
[2025-10-18T14:45:46.194Z] 46.35
[2025-10-18T14:45:51.106Z] 14.14
[2025-10-18T14:46:16.463Z] 44.21
[2025-10-18T14:46:25.542Z] 39.22
[2025-10-18T14:46:37.303Z] 33.76
[2025-10-18T14:46:45.178Z] 38.73
[2025-10-18T14:46:48.320Z] 36.7
[2025-10-18T14:46:58.880Z] 18.22
[2025-10-18T14:47:29.683Z] 26.34
[2025-10-18T14:47:40.142Z] 11.45
[2025-10-18T14:47:43.796Z] 29.02
[2025-10-18T14:47:48.599Z] 35.02
[2025-10-18T14:47:49.860Z] 6.15
[2025-10-18T14:47:54.525Z] 26.91
[2025-10-18T14:48:12.658Z] 39.98
[2025-10-18T14:48:22.349Z] 37.21
[2025-10-18T14:48:48.033Z] 47.99
[2025-10-18T14:48:55.228Z] 4.26
[2025-10-18T14:49:04.394Z] 5.16
[2025-10-18T14:49:10.427Z] 9.65
[2025-10-18T14:49:15.355Z] 12.49
[2025-10-18T14:49:23.216Z] 43.46
[2025-10-18T14:49:26.221Z] 40.63
[2025-10-18T14:49:29.277Z] 35.76
[2025-10-18T14:49:32.052Z] 12.17
[2025-10-18T14:49:40.779Z] 40.06
[2025-10-18T14:49:48.813Z] 4.44
[2025-10-18T14:49:56.362Z] 10.15
[2025-10-18T14:50:46.990Z] 24.89
[2025-10-18T14:50:58.327Z] 19.48
[2025-10-18T14:51:07.323Z] 34.81
[2025-10-18T14:51:10.393Z] 36.92
[2025-10-18T14:51:19.007Z] 2.38
[2025-10-18T14:51:25.450Z] 17.65
[2025-10-18T14:51:46.732Z] 23.37
[2025-10-18T14:51:55.236Z] 27.17
[2025-10-18T14:51:58.308Z] 43.46
[2025-10-18T14:52:03.199Z] 25.56
[2025-10-18T14:52:07.884Z] 0.22
[2025-10-18T14:52:16.989Z] 30.93
[2025-10-18T14:52:30.939Z] 34.93
[2025-10-18T14:52:38.705Z] 44.43
[2025-10-18T14:52:43.419Z] 25.53
[2025-10-18T14:52:45.018Z] 24.34
[2025-10-18T14:52:54.061Z] 4.05
[2025-10-18T14:53:01.114Z] 31.28
[2025-10-18T14:53:08.464Z] 12.22
[2025-10-18T14:53:23.880Z] 30.7
[2025-10-18T14:53:48.463Z] 40.97
[2025-10-18T14:53:51.023Z] 6.1
[2025-10-18T14:54:00.752Z] 33.12
[2025-10-18T14:54:09.760Z] 37.76
[2025-10-18T14:54:12.876Z] 5.23
[2025-10-18T14:54:36.029Z] 40.94
[2025-10-18T14:54:39.701Z] 9.01
[2025-10-18T14:54:44.683Z] 29.49
[2025-10-18T14:54:57.529Z] 23.26
[2025-10-18T14:55:11.785Z] 16.56
[2025-10-18T14:55:15.053Z] 36.04
[2025-10-18T14:55:37.056Z] 5.17
[2025-10-18T14:55:44.332Z] 32.07
[2025-10-18T14:55:45.844Z] 9.31
[2025-10-18T14:55:49.168Z] 40.52
[2025-10-18T14:55:53.661Z] 39.67
[2025-10-18T14:55:55.058Z] 2.74
[2025-10-18T14:55:59.322Z] 44.35
[2025-10-18T14:56:03.696Z] 27.43
[2025-10-18T14:56:09.165Z] 18.82
[2025-10-18T14:56:12.929Z] 4.95
[2025-10-18T14:56:17.470Z] 8.94
[2025-10-18T14:56:27.124Z] 46.54
[2025-10-18T14:56:29.745Z] 8.63
[2025-10-18T14:56:34.091Z] 49.28
[2025-10-18T14:56:39.390Z] 22.45
[2025-10-18T14:56:57.322Z] 31.87
[2025-10-18T14:57:06.935Z] 4.22
[2025-10-18T14:57:11.442Z] 7.03
[2025-10-18T14:57:12.842Z] 22.18
[2025-10-18T14:57:14.916Z] 19.16
[2025-10-18T14:57:17.630Z] 13.78
[2025-10-18T14:57:23.571Z] 39.72
[2025-10-18T14:57:29.970Z] 38.91
[2025-10-18T14:57:32.795Z] 15.94
[2025-10-18T14:57:38.837Z] 32.16
[2025-10-18T14:57:41.999Z] 48.67
