[2025-10-18T09:06:03.471Z] 18.98
[2025-10-18T09:06:15.764Z] 17.23
[2025-10-18T09:06:20.405Z] 32.52
[2025-10-18T09:06:28.610Z] 21.18
[2025-10-18T09:06:38.724Z] 18.3
[2025-10-18T09:06:47.177Z] 31.1
[2025-10-18T09:06:48.803Z] 29.43
[2025-10-18T09:06:55.308Z] 17.9
[2025-10-18T09:07:12.150Z] 31.01
[2025-10-18T09:07:21.577Z] 19.47
[2025-10-18T09:07:36.400Z] 34.45
[2025-10-18T09:07:45.160Z] 29.85
[2025-10-18T09:07:47.494Z] 33.12
[2025-10-18T09:07:50.926Z] 27.93
[2025-10-18T09:08:09.061Z] 33.21
[2025-10-18T09:08:13.183Z] 21.08
[2025-10-18T09:08:26.405Z] 19.99
[2025-10-18T09:08:29.455Z] 24.72
[2025-10-18T09:08:40.113Z] 24.29
[2025-10-18T09:08:47.628Z] 20.85
[2025-10-18T09:08:51.909Z] 23.33
[2025-10-18T09:08:53.197Z] 31.99
[2025-10-18T09:08:54.342Z] 20.7
[2025-10-18T09:08:58.948Z] 18.65
[2025-10-18T09:09:02.679Z] 19.52
[2025-10-18T09:09:06.513Z] 26.52
[2025-10-18T09:09:10.264Z] 15.03
[2025-10-18T09:09:21.645Z] 22.04
[2025-10-18T09:09:28.163Z] 27.52
[2025-10-18T09:09:29.201Z] 31.77
[2025-10-18T09:09:42.042Z] 22.76
[2025-10-18T09:09:53.205Z] 19.14
[2025-10-18T09:09:57.528Z] 31
[2025-10-18T09:10:02.866Z] 21.52
[2025-10-18T09:10:17.616Z] 20.96
[2025-10-18T09:10:29.452Z] 23.35
[2025-10-18T09:11:03.144Z] 31.91
[2025-10-18T09:11:04.470Z] 33.85
[2025-10-18T09:11:06.779Z] 28.62
[2025-10-18T09:11:26.529Z] 27.94
[2025-10-18T09:11:36.170Z] 29.02
[2025-10-18T09:11:40.662Z] 29.67
[2025-10-18T09:11:57.104Z] 19.87
[2025-10-18T09:11:59.618Z] 18.22
[2025-10-18T09:12:05.699Z] 21.67
[2025-10-18T09:12:14.401Z] 31.7
[2025-10-18T09:12:16.041Z] 26.25
[2025-10-18T09:12:21.437Z] 23.35
[2025-10-18T09:12:25.254Z] 31.38
[2025-10-18T09:12:31.531Z] 29.8
[2025-10-18T09:12:33.128Z] 33.22
[2025-10-18T09:12:34.767Z] 17.95
[2025-10-18T09:12:46.057Z] 33.03
[2025-10-18T09:12:47.521Z] 31.5
[2025-10-18T09:12:52.071Z] 25.38
[2025-10-18T09:13:19.391Z] 33.9
[2025-10-18T09:13:35.784Z] 23.57
[2025-10-18T09:13:39.623Z] 28.7
[2025-10-18T09:13:57.819Z] 34.63
[2025-10-18T09:14:02.399Z] 32.38
[2025-10-18T09:14:05.435Z] 26.42
[2025-10-18T09:14:20.313Z] 33.02
[2025-10-18T09:14:28.544Z] 27.12
[2025-10-18T09:14:48.714Z] 24.14
[2025-10-18T09:14:52.040Z] 31.84
[2025-10-18T09:14:55.378Z] 28.48
[2025-10-18T09:15:04.800Z] 17.44
[2025-10-18T09:15:32.963Z] 17.09
[2025-10-18T09:15:36.456Z] 22.86
[2025-10-18T09:15:52.959Z] 33.16
[2025-10-18T09:16:11.672Z] 29.84
[2025-10-18T09:16:12.747Z] 31.43
[2025-10-18T09:16:23.315Z] 29.8
[2025-10-18T09:16:28.556Z] 17.08
[2025-10-18T09:16:35.724Z] 28.01
[2025-10-18T09:16:57.956Z] 15.3
[2025-10-18T09:17:05.447Z] 30.26
[2025-10-18T09:17:09.701Z] 31.53
[2025-10-18T09:17:14.018Z] 23.56
[2025-10-18T09:17:19.813Z] 30.64
[2025-10-18T09:17:24.001Z] 17.19
[2025-10-18T09:17:40.532Z] 24.93
[2025-10-18T09:17:57.714Z] 17.88
[2025-10-18T09:18:04.501Z] 26.5
[2025-10-18T09:18:06.050Z] 28.47
[2025-10-18T09:18:26.959Z] 24.24
[2025-10-18T09:18:29.797Z] 15.98
[2025-10-18T09:18:51.920Z] 28.61
[2025-10-18T09:18:54.659Z] 25.35
[2025-10-18T09:19:08.602Z] 17.62
[2025-10-18T09:19:10.473Z] 30.36
[2025-10-18T09:19:20.938Z] 20.02
[2025-10-18T09:19:41.737Z] 16.45
[2025-10-18T09:19:54.227Z] 20.04
[2025-10-18T09:20:07.132Z] 27.56
[2025-10-18T09:20:09.595Z] 21.08
[2025-10-18T09:20:24.720Z] 32.16
[2025-10-18T09:20:28.841Z] 24.78
[2025-10-18T09:20:32.551Z] 22.12
[2025-10-18T09:20:40.751Z] 15.28
[2025-10-18T09:33:47.859Z] 18.58
[2025-10-18T09:34:02.197Z] 25.22
[2025-10-18T09:34:06.664Z] 16.03
[2025-10-18T09:34:17.018Z] 17.54
[2025-10-18T09:34:19.434Z] 17.65
[2025-10-18T09:34:30.240Z] 33.61
[2025-10-18T09:34:32.189Z] 27.2
[2025-10-18T09:34:35.110Z] 34.8
[2025-10-18T09:34:42.820Z] 26.78
[2025-10-18T09:35:03.501Z] 20.37
[2025-10-18T09:35:08.238Z] 34.78
[2025-10-18T09:35:09.954Z] 28.19
[2025-10-18T09:35:14.750Z] 30.87
[2025-10-18T09:35:18.390Z] 32.46
[2025-10-18T09:35:29.022Z] 22.29
[2025-10-18T09:35:32.928Z] 25.09
[2025-10-18T09:35:40.394Z] 22.07
[2025-10-18T09:35:58.454Z] 27.49
[2025-10-18T09:36:02.146Z] 25.68
[2025-10-18T09:36:18.213Z] 16.6
[2025-10-18T09:36:22.910Z] 32.57
[2025-10-18T09:36:27.564Z] 20.01
[2025-10-18T09:36:36.494Z] 16.79
[2025-10-18T09:36:38.905Z] 15.07
[2025-10-18T09:36:53.687Z] 25.15
[2025-10-18T09:42:33.144Z] 27.82
[2025-10-18T09:42:36.461Z] 31.79
[2025-10-18T10:06:14.660Z] 15.44
[2025-10-18T10:06:23.836Z] 33.38
[2025-10-18T10:06:32.432Z] 21.3
[2025-10-18T10:06:38.611Z] 30.5
[2025-10-18T10:06:43.037Z] 21.59
[2025-10-18T10:22:13.610Z] 29.46
[2025-10-18T10:22:21.308Z] 33.33
[2025-10-18T10:22:22.432Z] 28.69
[2025-10-18T10:54:33.096Z] 16.66
[2025-10-18T10:54:35.697Z] 23.85
[2025-10-18T10:54:49.798Z] 29.36
[2025-10-18T10:54:53.373Z] 23.86
[2025-10-18T12:13:07.489Z] 17.97
[2025-10-18T12:13:10.283Z] 23.89
[2025-10-18T12:13:12.993Z] 28.52
[2025-10-18T13:26:31.564Z] 22.53
[2025-10-18T13:26:39.025Z] 34.71
[2025-10-18T13:55:50.929Z] 19.56
[2025-10-18T13:56:05.121Z] 19.78
[2025-10-18T13:56:14.897Z] 17.86
[2025-10-18T13:56:23.452Z] 29.77
[2025-10-18T13:56:26.111Z] 31.95
[2025-10-18T13:56:28.811Z] 29.83
[2025-10-18T13:56:33.666Z] 15.35
[2025-10-18T13:56:35.246Z] 32.43
[2025-10-18T13:56:38.061Z] 23.89
[2025-10-18T13:56:41.945Z] 19.75
[2025-10-18T13:57:26.668Z] 15.18
[2025-10-18T13:57:34.804Z] 18.39
[2025-10-18T13:57:38.305Z] 15.09
[2025-10-18T13:57:47.573Z] 15.14
[2025-10-18T13:58:21.624Z] 18.61
[2025-10-18T13:58:42.719Z] 23.31
[2025-10-18T13:59:01.347Z] 29.52
[2025-10-18T13:59:04.983Z] 32.28
[2025-10-18T13:59:26.107Z] 17.25
[2025-10-18T13:59:29.323Z] 16.7
[2025-10-18T14:00:57.791Z] 33.3
[2025-10-18T14:01:03.820Z] 20.17
[2025-10-18T14:01:06.856Z] 32.86
[2025-10-18T14:01:11.848Z] 25.9
[2025-10-18T14:01:14.730Z] 28.21
[2025-10-18T14:01:25.556Z] 22.65
[2025-10-18T14:01:29.444Z] 22.97
[2025-10-18T14:02:01.498Z] 19.52
[2025-10-18T14:02:06.309Z] 29.67
[2025-10-18T14:02:15.704Z] 28.34
[2025-10-18T14:02:17.091Z] 28.16
[2025-10-18T14:02:25.693Z] 33.46
[2025-10-18T14:02:34.989Z] 29.83
[2025-10-18T14:02:40.457Z] 33.91
[2025-10-18T14:02:43.521Z] 33.23
[2025-10-18T14:02:46.744Z] 20.23
[2025-10-18T14:03:01.333Z] 19.52
[2025-10-18T14:03:05.664Z] 22.16
[2025-10-18T14:03:08.289Z] 17.29
[2025-10-18T14:03:11.560Z] 17.67
[2025-10-18T14:03:17.893Z] 28.14
[2025-10-18T14:03:20.489Z] 20.5
[2025-10-18T14:03:32.937Z] 23.63
[2025-10-18T14:03:34.767Z] 16.86
[2025-10-18T14:03:37.921Z] 19.74
[2025-10-18T14:03:45.765Z] 19.01
[2025-10-18T14:03:47.294Z] 21.85
[2025-10-18T14:03:51.728Z] 28.31
[2025-10-18T14:04:00.877Z] 19.35
[2025-10-18T14:04:12.845Z] 31.4
[2025-10-18T14:04:19.149Z] 19.02
[2025-10-18T14:04:27.726Z] 28.49
[2025-10-18T14:04:38.986Z] 23
[2025-10-18T14:04:47.979Z] 15.74
[2025-10-18T14:05:17.104Z] 34.16
[2025-10-18T14:05:26.338Z] 16.53
[2025-10-18T14:05:30.105Z] 18.94
[2025-10-18T14:05:34.462Z] 24.22
[2025-10-18T14:05:53.826Z] 24.74
[2025-10-18T14:06:12.333Z] 31.66
[2025-10-18T14:06:21.898Z] 34.68
[2025-10-18T14:06:24.729Z] 21.57
[2025-10-18T14:06:38.857Z] 18.31
[2025-10-18T14:06:42.304Z] 28.57
[2025-10-18T14:06:56.754Z] 20.44
[2025-10-18T14:07:03.150Z] 25.27
[2025-10-18T14:07:10.867Z] 17.9
[2025-10-18T14:07:12.245Z] 28.32
[2025-10-18T14:07:25.232Z] 18.48
[2025-10-18T14:07:27.311Z] 22.36
[2025-10-18T14:07:37.381Z] 23.98
[2025-10-18T14:08:07.168Z] 20.81
[2025-10-18T14:08:22.805Z] 17.84
[2025-10-18T14:08:48.856Z] 21.63
[2025-10-18T14:08:51.595Z] 30.22
[2025-10-18T14:08:55.625Z] 24.27
[2025-10-18T14:09:08.127Z] 15.35
[2025-10-18T14:09:15.433Z] 30.17
[2025-10-18T14:09:19.950Z] 17.56
[2025-10-18T14:09:29.045Z] 28.64
[2025-10-18T14:09:39.863Z] 18.2
[2025-10-18T14:09:44.006Z] 17.34
[2025-10-18T14:09:48.206Z] 15.42
[2025-10-18T14:09:56.614Z] 26.93
[2025-10-18T14:10:03.113Z] 30.91
[2025-10-18T14:10:20.437Z] 25.87
[2025-10-18T14:10:32.731Z] 22.5
[2025-10-18T14:10:37.067Z] 27.69
[2025-10-18T14:10:39.815Z] 34.94
[2025-10-18T14:10:41.658Z] 30.02
[2025-10-18T14:10:59.496Z] 30.34
[2025-10-18T14:11:01.338Z] 22.49
[2025-10-18T14:11:10.112Z] 22.21
[2025-10-18T14:11:18.490Z] 20.37
[2025-10-18T14:11:22.227Z] 19.89
[2025-10-18T14:11:26.044Z] 17.18
[2025-10-18T14:11:34.917Z] 18.32
[2025-10-18T14:11:41.271Z] 28.95
[2025-10-18T14:11:52.082Z] 33.98
[2025-10-18T14:12:09.256Z] 16.92
[2025-10-18T14:12:13.670Z] 28.72
[2025-10-18T14:12:22.356Z] 24.61
[2025-10-18T14:12:31.180Z] 25.02
[2025-10-18T14:12:34.330Z] 23.81
[2025-10-18T14:12:40.470Z] 24.52
[2025-10-18T14:12:45.917Z] 20.19
[2025-10-18T14:12:50.279Z] 16.15
[2025-10-18T14:12:51.441Z] 34.25
[2025-10-18T14:12:59.226Z] 25.94
[2025-10-18T14:13:02.530Z] 21.78
[2025-10-18T14:13:08.609Z] 21.03
[2025-10-18T14:13:25.865Z] 33.63
[2025-10-18T14:13:36.714Z] 24
[2025-10-18T14:13:43.924Z] 20.7
[2025-10-18T14:13:51.315Z] 24.4
[2025-10-18T14:13:54.623Z] 17.59
[2025-10-18T14:14:16.907Z] 21.89
[2025-10-18T14:14:22.394Z] 29.62
[2025-10-18T14:14:23.421Z] 20.63
[2025-10-18T14:14:49.049Z] 30.21
[2025-10-18T14:14:50.253Z] 30.86
[2025-10-18T14:15:09.961Z] 18.55
[2025-10-18T14:15:16.873Z] 24.22
[2025-10-18T14:15:23.988Z] 28.15
[2025-10-18T14:15:51.517Z] 31.32
[2025-10-18T14:16:09.479Z] 24.18
[2025-10-18T14:16:20.684Z] 24.76
[2025-10-18T14:16:38.707Z] 16.42
[2025-10-18T14:16:43.054Z] 33.85
[2025-10-18T14:17:14.749Z] 27.42
[2025-10-18T14:17:19.311Z] 22.83
[2025-10-18T14:17:26.902Z] 20.36
[2025-10-18T14:17:28.855Z] 25.49
[2025-10-18T14:17:41.167Z] 19.91
[2025-10-18T14:17:50.960Z] 31.09
[2025-10-18T14:17:54.072Z] 15.61
[2025-10-18T14:18:02.494Z] 34.85
[2025-10-18T14:18:12.975Z] 27.2
[2025-10-18T14:18:20.009Z] 16.63
[2025-10-18T14:18:22.792Z] 28.39
[2025-10-18T14:18:27.329Z] 24.14
[2025-10-18T14:18:42.384Z] 18.21
[2025-10-18T14:18:55.976Z] 16.08
[2025-10-18T14:19:00.073Z] 29.71
[2025-10-18T14:19:07.636Z] 33.51
[2025-10-18T14:19:18.531Z] 23.56
[2025-10-18T14:20:22.076Z] 21.08
[2025-10-18T14:20:23.348Z] 26.87
[2025-10-18T14:20:26.054Z] 30.42
[2025-10-18T14:20:27.548Z] 18.79
[2025-10-18T14:20:40.948Z] 34.14
[2025-10-18T14:20:50.188Z] 26.37
[2025-10-18T14:20:52.290Z] 34.41
[2025-10-18T14:20:55.271Z] 24.09
[2025-10-18T14:21:00.199Z] 29.88
[2025-10-18T14:21:09.684Z] 21.02
[2025-10-18T14:21:22.326Z] 24.14
[2025-10-18T14:21:36.736Z] 25.94
[2025-10-18T14:21:39.421Z] 18.23
[2025-10-18T14:21:50.266Z] 21.9
[2025-10-18T14:21:58.384Z] 19.08
[2025-10-18T14:22:08.214Z] 22.93
[2025-10-18T14:22:19.815Z] 25.64
[2025-10-18T14:22:31.434Z] 24.42
[2025-10-18T14:22:33.425Z] 29.95
[2025-10-18T14:22:48.927Z] 18.83
[2025-10-18T14:23:01.625Z] 26.61
[2025-10-18T14:23:12.077Z] 24.54
[2025-10-18T14:23:42.245Z] 16.97
[2025-10-18T14:23:47.117Z] 28.79
[2025-10-18T14:23:56.956Z] 26.01
[2025-10-18T14:24:43.390Z] 27.04
[2025-10-18T14:24:56.118Z] 23.02
[2025-10-18T14:24:57.991Z] 27.45
[2025-10-18T14:25:04.353Z] 19.55
[2025-10-18T14:25:14.863Z] 33.32
[2025-10-18T14:25:35.080Z] 20.69
[2025-10-18T14:26:01.582Z] 24.43
[2025-10-18T14:26:12.806Z] 17.94
[2025-10-18T14:26:16.262Z] 18.85
[2025-10-18T14:26:20.692Z] 18.55
[2025-10-18T14:26:36.619Z] 23.76
[2025-10-18T14:26:38.891Z] 17.98
[2025-10-18T14:26:43.360Z] 28.1
[2025-10-18T14:26:45.277Z] 25.28
[2025-10-18T14:26:47.713Z] 25.89
[2025-10-18T14:26:52.452Z] 16.71
[2025-10-18T14:26:55.286Z] 21.5
[2025-10-18T14:27:00.552Z] 21.7
[2025-10-18T14:27:16.064Z] 16.31
[2025-10-18T14:27:21.889Z] 17.62
[2025-10-18T14:27:35.589Z] 20.35
[2025-10-18T14:27:36.876Z] 23.99
[2025-10-18T14:27:38.776Z] 22.1
[2025-10-18T14:27:40.258Z] 25.28
[2025-10-18T14:27:42.074Z] 18.06
[2025-10-18T14:27:55.190Z] 15.53
[2025-10-18T14:28:07.866Z] 15.88
[2025-10-18T14:28:24.519Z] 31.04
[2025-10-18T14:28:40.478Z] 22.52
[2025-10-18T14:29:01.747Z] 26.43
[2025-10-18T14:29:03.749Z] 23.95
[2025-10-18T14:29:09.461Z] 22.97
[2025-10-18T14:29:15.649Z] 19.21
[2025-10-18T14:29:32.305Z] 19.29
[2025-10-18T14:29:34.428Z] 34.43
[2025-10-18T14:29:44.251Z] 34.82
[2025-10-18T14:29:53.393Z] 27.01
[2025-10-18T14:29:57.193Z] 34.93
[2025-10-18T14:30:04.388Z] 20.54
[2025-10-18T14:30:08.833Z] 17.13
[2025-10-18T14:30:17.922Z] 17
[2025-10-18T14:30:30.333Z] 32.28
[2025-10-18T14:30:44.826Z] 28.88
[2025-10-18T14:30:48.865Z] 24.26
[2025-10-18T14:31:09.245Z] 15.5
[2025-10-18T14:31:16.637Z] 23.29
[2025-10-18T14:31:34.409Z] 24.97
[2025-10-18T14:32:04.575Z] 21.49
[2025-10-18T14:32:06.839Z] 33.53
[2025-10-18T14:32:11.790Z] 33.79
[2025-10-18T14:32:21.922Z] 26.33
[2025-10-18T14:32:25.989Z] 16.47
[2025-10-18T14:32:38.479Z] 20.23
[2025-10-18T14:32:48.091Z] 27.61
[2025-10-18T14:33:04.582Z] 16.29
[2025-10-18T14:33:09.181Z] 30.03
[2025-10-18T14:33:26.562Z] 26.08
[2025-10-18T14:33:35.040Z] 23.6
[2025-10-18T14:33:39.640Z] 32.78
[2025-10-18T14:33:42.943Z] 29.97
[2025-10-18T14:33:52.552Z] 20.85
[2025-10-18T14:33:55.049Z] 27.6
[2025-10-18T14:34:10.436Z] 29.21
[2025-10-18T14:34:20.898Z] 19.1
[2025-10-18T14:34:22.755Z] 27.43
[2025-10-18T14:34:24.255Z] 18.51
[2025-10-18T14:34:36.257Z] 23.32
[2025-10-18T14:34:40.349Z] 34.84
[2025-10-18T14:35:07.298Z] 22.41
[2025-10-18T14:35:15.266Z] 27.35
[2025-10-18T14:35:34.840Z] 34.62
[2025-10-18T14:35:46.517Z] 26.15
[2025-10-18T14:35:48.039Z] 25.43
[2025-10-18T14:35:50.427Z] 32.89
[2025-10-18T14:35:54.098Z] 32.03
[2025-10-18T14:35:57.415Z] 27.12
[2025-10-18T14:36:24.579Z] 27.47
[2025-10-18T14:36:36.172Z] 15.72
[2025-10-18T14:36:43.663Z] 21.98
[2025-10-18T14:36:48.195Z] 31.47
[2025-10-18T14:37:01.280Z] 32.68
[2025-10-18T14:37:02.302Z] 34.24
[2025-10-18T14:37:04.235Z] 28.41
[2025-10-18T14:37:08.421Z] 32.05
[2025-10-18T14:37:12.523Z] 34.15
[2025-10-18T14:37:14.622Z] 29.26
[2025-10-18T14:37:32.921Z] 30.47
[2025-10-18T14:37:40.614Z] 31.15
[2025-10-18T14:37:44.210Z] 22.92
[2025-10-18T14:37:49.170Z] 20.99
[2025-10-18T14:38:04.335Z] 18.62
[2025-10-18T14:38:05.631Z] 22.12
[2025-10-18T14:38:08.900Z] 26.07
[2025-10-18T14:38:34.559Z] 21.39
[2025-10-18T14:38:46.389Z] 30.77
[2025-10-18T14:39:14.025Z] 33.65
[2025-10-18T14:39:28.204Z] 19.91
[2025-10-18T14:39:38.405Z] 34.7
[2025-10-18T14:39:46.126Z] 34.73
[2025-10-18T14:39:49.419Z] 23.13
[2025-10-18T14:40:16.702Z] 24.54
[2025-10-18T14:40:40.668Z] 21.21
[2025-10-18T14:40:50.180Z] 34.38
[2025-10-18T14:40:57.128Z] 20.63
[2025-10-18T14:41:05.331Z] 29.45
[2025-10-18T14:41:12.731Z] 21.38
[2025-10-18T14:41:16.544Z] 30.05
[2025-10-18T14:41:19.752Z] 34.97
[2025-10-18T14:41:26.148Z] 25.16
[2025-10-18T14:41:34.940Z] 18.02
[2025-10-18T14:41:40.489Z] 17.54
[2025-10-18T14:41:41.952Z] 16.91
[2025-10-18T14:41:47.267Z] 15.33
[2025-10-18T14:41:56.049Z] 29.63
[2025-10-18T14:42:00.556Z] 31.64
[2025-10-18T14:42:02.535Z] 32.21
[2025-10-18T14:42:18.727Z] 27.43
[2025-10-18T14:42:36.657Z] 21.04
[2025-10-18T14:42:39.171Z] 17.59
[2025-10-18T14:42:53.406Z] 22.29
[2025-10-18T14:42:55.120Z] 30.62
[2025-10-18T14:43:02.346Z] 31.4
[2025-10-18T14:43:26.171Z] 23.75
[2025-10-18T14:43:50.598Z] 29.84
[2025-10-18T14:43:54.162Z] 22.43
[2025-10-18T14:44:19.362Z] 26.81
[2025-10-18T14:44:31.514Z] 17.1
[2025-10-18T14:44:42.681Z] 29.81
[2025-10-18T14:44:46.080Z] 28.01
[2025-10-18T14:44:49.836Z] 21.1
[2025-10-18T14:44:58.132Z] 16.43
[2025-10-18T14:45:15.043Z] 26.87
[2025-10-18T14:45:34.249Z] 19.43
[2025-10-18T14:45:54.877Z] 23.19
[2025-10-18T14:45:58.354Z] 28.38
[2025-10-18T14:46:01.290Z] 17.04
[2025-10-18T14:46:02.596Z] 23.77
[2025-10-18T14:46:10.276Z] 34.34
[2025-10-18T14:46:28.561Z] 22.05
[2025-10-18T14:46:33.215Z] 26.14
[2025-10-18T14:46:39.325Z] 33.34
[2025-10-18T14:46:43.373Z] 28.13
[2025-10-18T14:46:57.770Z] 23.07
[2025-10-18T14:47:11.489Z] 31.9
[2025-10-18T14:47:13.639Z] 34.5
[2025-10-18T14:47:22.090Z] 30.12
[2025-10-18T14:47:31.868Z] 16.64
[2025-10-18T14:47:34.278Z] 28.25
[2025-10-18T14:47:55.734Z] 26.18
[2025-10-18T14:47:58.192Z] 22.4
[2025-10-18T14:48:03.476Z] 24.75
[2025-10-18T14:48:15.516Z] 15.03
[2025-10-18T14:48:26.888Z] 30.81
[2025-10-18T14:48:32.180Z] 31.6
[2025-10-18T14:48:34.046Z] 29.52
[2025-10-18T14:48:38.298Z] 21.8
[2025-10-18T14:48:41.296Z] 17.38
[2025-10-18T14:48:50.776Z] 22.06
[2025-10-18T14:49:08.077Z] 25.21
[2025-10-18T14:49:34.721Z] 26.4
[2025-10-18T14:49:35.837Z] 17.44
[2025-10-18T14:49:50.295Z] 26.89
[2025-10-18T14:50:01.595Z] 26.68
[2025-10-18T14:50:08.643Z] 16.36
[2025-10-18T14:50:18.735Z] 17.41
[2025-10-18T14:50:19.815Z] 33.78
[2025-10-18T14:50:23.135Z] 18.84
[2025-10-18T14:50:34.845Z] 29.1
[2025-10-18T14:50:45.921Z] 32.75
[2025-10-18T14:50:50.108Z] 17.76
[2025-10-18T14:50:51.218Z] 30.38
[2025-10-18T14:50:55.803Z] 31.09
[2025-10-18T14:51:05.497Z] 34.69
[2025-10-18T14:51:14.416Z] 21.41
[2025-10-18T14:51:23.039Z] 25.09
[2025-10-18T14:51:40.901Z] 28.62
[2025-10-18T14:51:42.966Z] 18.3
[2025-10-18T14:51:45.706Z] 22.4
[2025-10-18T14:52:10.735Z] 22.69
[2025-10-18T14:52:12.847Z] 22.11
[2025-10-18T14:52:19.091Z] 27.62
[2025-10-18T14:52:22.267Z] 20.92
[2025-10-18T14:52:26.240Z] 32.73
[2025-10-18T14:52:50.660Z] 26.06
[2025-10-18T14:53:19.015Z] 24.38
[2025-10-18T14:53:26.905Z] 24.05
[2025-10-18T14:53:29.650Z] 17.52
[2025-10-18T14:53:34.494Z] 21.03
[2025-10-18T14:53:37.726Z] 34.54
[2025-10-18T14:53:39.640Z] 25.71
[2025-10-18T14:53:56.273Z] 18.27
[2025-10-18T14:53:59.486Z] 30.13
[2025-10-18T14:54:23.044Z] 24.66
[2025-10-18T14:54:32.611Z] 32.41
[2025-10-18T14:54:40.881Z] 19.42
[2025-10-18T14:54:48.456Z] 16.46
[2025-10-18T14:54:53.168Z] 17.38
[2025-10-18T14:55:02.251Z] 18.13
[2025-10-18T14:55:06.933Z] 17.59
[2025-10-18T14:55:19.160Z] 24.72
[2025-10-18T14:55:22.040Z] 32.34
[2025-10-18T14:55:28.562Z] 15.78
[2025-10-18T14:55:33.371Z] 31.41
[2025-10-18T14:55:38.865Z] 21.19
[2025-10-18T14:55:41.381Z] 32.1
[2025-10-18T14:55:57.832Z] 30.26
[2025-10-18T14:56:04.927Z] 29.04
[2025-10-18T14:56:21.550Z] 32.5
[2025-10-18T14:56:36.958Z] 24.54
[2025-10-18T14:56:43.296Z] 16.95
[2025-10-18T14:56:48.030Z] 33.03
[2025-10-18T14:57:05.686Z] 34.44
[2025-10-18T14:57:20.112Z] 16.44
[2025-10-18T14:57:43.589Z] 31.13
