[2025-10-18T09:05:53.742Z] 23.18
[2025-10-18T09:06:05.859Z] 4.18
[2025-10-18T09:06:07.827Z] 24.48
[2025-10-18T09:06:32.200Z] 13.29
[2025-10-18T09:06:34.950Z] 19.51
[2025-10-18T09:06:42.772Z] 21.88
[2025-10-18T09:06:45.117Z] 23.23
[2025-10-18T09:06:56.901Z] 22.83
[2025-10-18T09:07:00.835Z] 2.68
[2025-10-18T09:07:04.757Z] 20.23
[2025-10-18T09:07:18.178Z] 11.62
[2025-10-18T09:07:28.562Z] 20.79
[2025-10-18T09:07:31.705Z] 7.67
[2025-10-18T09:07:40.810Z] 3.86
[2025-10-18T09:07:53.024Z] 9.75
[2025-10-18T09:08:00.927Z] 0.9
[2025-10-18T09:08:04.401Z] 10.26
[2025-10-18T09:08:07.290Z] 7.43
[2025-10-18T09:08:16.718Z] 12.48
[2025-10-18T09:08:17.917Z] 23.1
[2025-10-18T09:08:20.364Z] 15.63
[2025-10-18T09:08:22.064Z] 9.93
[2025-10-18T09:08:38.991Z] 8.59
[2025-10-18T09:08:44.509Z] 8.68
[2025-10-18T09:09:00.404Z] 20.64
[2025-10-18T09:09:13.408Z] 7.12
[2025-10-18T09:09:15.030Z] 8.19
[2025-10-18T09:09:37.750Z] 6.72
[2025-10-18T09:09:51.075Z] 12.06
[2025-10-18T09:10:01.690Z] 20.89
[2025-10-18T09:10:05.479Z] 17.55
[2025-10-18T09:10:13.201Z] 11.84
[2025-10-18T09:10:20.996Z] 22.54
[2025-10-18T09:10:26.673Z] 14.04
[2025-10-18T09:10:39.460Z] 5.86
[2025-10-18T09:10:43.043Z] 1.86
[2025-10-18T09:10:49.702Z] 1.09
[2025-10-18T09:10:54.393Z] 9.14
[2025-10-18T09:11:14.833Z] 24.71
[2025-10-18T09:11:18.408Z] 9.22
[2025-10-18T09:11:22.495Z] 0.83
[2025-10-18T09:11:30.507Z] 10.68
[2025-10-18T09:11:34.821Z] 15.86
[2025-10-18T09:11:46.623Z] 23.3
[2025-10-18T09:11:51.965Z] 13.59
[2025-10-18T09:12:19.055Z] 19.6
[2025-10-18T09:12:41.526Z] 16.54
[2025-10-18T09:12:48.710Z] 9.61
[2025-10-18T09:13:01.077Z] 1.85
[2025-10-18T09:13:03.351Z] 24.46
[2025-10-18T09:13:11.766Z] 17.01
[2025-10-18T09:13:16.297Z] 3.04
[2025-10-18T09:13:23.693Z] 10.1
[2025-10-18T09:13:27.946Z] 15.2
[2025-10-18T09:13:29.854Z] 1.44
[2025-10-18T09:13:41.499Z] 19.84
[2025-10-18T09:13:45.321Z] 5.44
[2025-10-18T09:13:50.106Z] 13.52
[2025-10-18T09:13:54.276Z] 21.39
[2025-10-18T09:14:14.524Z] 21.05
[2025-10-18T09:14:36.386Z] 12.68
[2025-10-18T09:14:56.772Z] 12.38
[2025-10-18T09:15:17.914Z] 9.8
[2025-10-18T09:15:26.288Z] 19.02
[2025-10-18T09:15:41.105Z] 11.49
[2025-10-18T09:15:44.395Z] 4.95
[2025-10-18T09:15:56.827Z] 13.49
[2025-10-18T09:16:01.630Z] 10.38
[2025-10-18T09:16:19.336Z] 1.56
[2025-10-18T09:16:21.801Z] 4.95
[2025-10-18T09:16:29.830Z] 3.66
[2025-10-18T09:16:31.048Z] 7.86
[2025-10-18T09:16:37.629Z] 24.55
[2025-10-18T09:16:42.029Z] 0.92
[2025-10-18T09:16:44.729Z] 17.88
[2025-10-18T09:16:51.659Z] 1.93
[2025-10-18T09:16:53.044Z] 15.77
[2025-10-18T09:16:56.006Z] 17.54
[2025-10-18T09:17:00.530Z] 9.94
[2025-10-18T09:17:27.253Z] 23.48
[2025-10-18T09:17:34.183Z] 13.67
[2025-10-18T09:17:44.606Z] 23.71
[2025-10-18T09:17:53.352Z] 24.48
[2025-10-18T09:18:16.109Z] 8.27
[2025-10-18T09:18:20.388Z] 21.68
[2025-10-18T09:18:45.459Z] 24.66
[2025-10-18T09:18:58.957Z] 1.98
[2025-10-18T09:19:25.590Z] 2.28
[2025-10-18T09:19:34.956Z] 5.87
[2025-10-18T09:19:52.318Z] 23.93
[2025-10-18T09:20:14.507Z] 18.06
[2025-10-18T09:20:18.923Z] 22.35
[2025-10-18T09:20:23.358Z] 16.53
[2025-10-18T09:20:42.436Z] 3.48
[2025-10-18T09:33:45.768Z] 8.29
[2025-10-18T09:33:51.601Z] 0.36
[2025-10-18T09:33:56.973Z] 14.91
[2025-10-18T09:33:59.828Z] 2.78
[2025-10-18T09:34:12.575Z] 16.42
[2025-10-18T09:34:24.403Z] 8.63
[2025-10-18T09:34:37.876Z] 7.94
[2025-10-18T09:34:53.056Z] 24.01
[2025-10-18T09:35:05.466Z] 10.86
[2025-10-18T09:35:21.018Z] 22.33
[2025-10-18T09:35:24.151Z] 23.58
[2025-10-18T09:35:37.637Z] 9.03
[2025-10-18T09:35:47.628Z] 23.68
[2025-10-18T09:35:48.880Z] 16.56
[2025-10-18T09:36:00.746Z] 17.63
[2025-10-18T09:36:06.044Z] 12.24
[2025-10-18T09:36:07.423Z] 23.85
[2025-10-18T09:36:25.539Z] 10.45
[2025-10-18T09:36:31.964Z] 21.05
[2025-10-18T09:36:44.460Z] 9.35
[2025-10-18T09:36:50.210Z] 17.03
[2025-10-18T09:36:55.867Z] 3.19
[2025-10-18T09:36:57.418Z] 19.46
[2025-10-18T09:42:30.952Z] 0.8
[2025-10-18T09:42:42.033Z] 21.73
[2025-10-18T09:42:50.702Z] 8.02
[2025-10-18T10:06:27.591Z] 2.32
[2025-10-18T10:22:08.035Z] 1.1
[2025-10-18T10:22:09.113Z] 8.52
[2025-10-18T10:22:18.176Z] 23.83
[2025-10-18T10:54:41.511Z] 12.7
[2025-10-18T10:54:45.145Z] 2.88
[2025-10-18T12:13:00.438Z] 17.84
[2025-10-18T12:13:04.731Z] 19.46
[2025-10-18T12:13:15.938Z] 22.73
[2025-10-18T12:13:24.847Z] 4.7
[2025-10-18T13:26:35.833Z] 22.31
[2025-10-18T13:26:42.877Z] 5.22
[2025-10-18T13:26:53.134Z] 11.03
[2025-10-18T13:26:55.262Z] 10.12
[2025-10-18T13:55:54.159Z] 23.15
[2025-10-18T13:56:13.340Z] 9.53
[2025-10-18T13:56:40.538Z] 4.82
[2025-10-18T13:57:31.180Z] 7.85
[2025-10-18T13:57:39.765Z] 12.75
[2025-10-18T13:57:44.209Z] 21.86
[2025-10-18T13:58:07.471Z] 23.5
[2025-10-18T13:58:16.800Z] 23.22
[2025-10-18T13:58:25.276Z] 14
[2025-10-18T13:58:26.868Z] 16.99
[2025-10-18T13:58:31.012Z] 4.34
[2025-10-18T13:58:55.621Z] 7.14
[2025-10-18T13:59:09.781Z] 5.15
[2025-10-18T13:59:11.103Z] 22.56
[2025-10-18T13:59:20.715Z] 14.86
[2025-10-18T13:59:24.132Z] 14.75
[2025-10-18T13:59:31.739Z] 15.19
[2025-10-18T13:59:34.845Z] 14.93
[2025-10-18T14:00:47.651Z] 9.42
[2025-10-18T14:00:59.277Z] 9.5
[2025-10-18T14:01:17.789Z] 7.01
[2025-10-18T14:01:36.118Z] 9.93
[2025-10-18T14:01:42.311Z] 11.04
[2025-10-18T14:01:53.201Z] 7.19
[2025-10-18T14:01:57.514Z] 3.65
[2025-10-18T14:02:11.980Z] 16.08
[2025-10-18T14:02:27.922Z] 4.54
[2025-10-18T14:02:33.197Z] 11.92
[2025-10-18T14:02:39.129Z] 23.26
[2025-10-18T14:02:54.325Z] 23.76
[2025-10-18T14:02:58.184Z] 0.83
[2025-10-18T14:03:14.936Z] 20.99
[2025-10-18T14:03:25.371Z] 10.17
[2025-10-18T14:03:59.301Z] 4.14
[2025-10-18T14:04:03.727Z] 19.76
[2025-10-18T14:04:08.550Z] 22.23
[2025-10-18T14:04:15.723Z] 17.74
[2025-10-18T14:04:23.964Z] 9.75
[2025-10-18T14:04:29.026Z] 17.99
[2025-10-18T14:04:36.312Z] 1.6
[2025-10-18T14:04:37.862Z] 18.66
[2025-10-18T14:04:50.430Z] 10.48
[2025-10-18T14:04:54.430Z] 20.84
[2025-10-18T14:04:59.092Z] 10.37
[2025-10-18T14:05:01.607Z] 9.26
[2025-10-18T14:05:06.994Z] 5.89
[2025-10-18T14:05:09.389Z] 23.78
[2025-10-18T14:05:11.619Z] 21.3
[2025-10-18T14:05:19.287Z] 10.71
[2025-10-18T14:05:21.765Z] 22.46
[2025-10-18T14:05:38.955Z] 13.71
[2025-10-18T14:05:46.417Z] 2.44
[2025-10-18T14:05:58.476Z] 6.38
[2025-10-18T14:06:02.447Z] 7.76
[2025-10-18T14:06:11.088Z] 20.33
[2025-10-18T14:06:15.025Z] 9.95
[2025-10-18T14:06:16.991Z] 15
[2025-10-18T14:06:29.849Z] 7.71
[2025-10-18T14:06:47.327Z] 9.68
[2025-10-18T14:06:55.731Z] 10.69
[2025-10-18T14:07:06.297Z] 21.64
[2025-10-18T14:07:35.604Z] 7.21
[2025-10-18T14:07:58.656Z] 9.3
[2025-10-18T14:08:02.224Z] 23.06
[2025-10-18T14:08:15.172Z] 5.64
[2025-10-18T14:08:29.235Z] 22.42
[2025-10-18T14:08:31.381Z] 4.35
[2025-10-18T14:08:32.972Z] 2.26
[2025-10-18T14:08:41.095Z] 5.96
[2025-10-18T14:08:42.774Z] 13.74
[2025-10-18T14:08:59.295Z] 9.76
[2025-10-18T14:09:04.286Z] 12.52
[2025-10-18T14:09:10.347Z] 1.41
[2025-10-18T14:09:13.450Z] 16.34
[2025-10-18T14:09:33.783Z] 8.77
[2025-10-18T14:10:00.604Z] 16.11
[2025-10-18T14:10:06.798Z] 17.52
[2025-10-18T14:10:15.881Z] 24.8
[2025-10-18T14:10:24.182Z] 8.71
[2025-10-18T14:10:48.064Z] 12.16
[2025-10-18T14:10:51.508Z] 0.81
[2025-10-18T14:11:14.719Z] 17.17
[2025-10-18T14:11:24.162Z] 11.61
[2025-10-18T14:11:32.752Z] 12.46
[2025-10-18T14:11:39.082Z] 11.91
[2025-10-18T14:11:45.032Z] 0.23
[2025-10-18T14:11:54.546Z] 6.25
[2025-10-18T14:12:00.254Z] 0.63
[2025-10-18T14:12:03.725Z] 14.96
[2025-10-18T14:12:16.205Z] 2.17
[2025-10-18T14:12:24.004Z] 10.05
[2025-10-18T14:12:27.080Z] 0.36
[2025-10-18T14:12:44.574Z] 13.75
[2025-10-18T14:13:07.007Z] 19.39
[2025-10-18T14:13:12.705Z] 1.04
[2025-10-18T14:13:15.051Z] 7.55
[2025-10-18T14:13:17.073Z] 22.98
[2025-10-18T14:13:40.157Z] 14.41
[2025-10-18T14:13:42.083Z] 24.21
[2025-10-18T14:13:46.780Z] 0.88
[2025-10-18T14:14:03.193Z] 12.37
[2025-10-18T14:14:13.769Z] 24.93
[2025-10-18T14:14:28.035Z] 14.09
[2025-10-18T14:14:34.167Z] 8.33
[2025-10-18T14:14:39.846Z] 12.04
[2025-10-18T14:14:44.825Z] 14.76
[2025-10-18T14:14:57.708Z] 5.54
[2025-10-18T14:15:04.169Z] 14.42
[2025-10-18T14:15:20.293Z] 13.46
[2025-10-18T14:15:27.402Z] 16
[2025-10-18T14:15:34.052Z] 5.42
[2025-10-18T14:15:38.740Z] 2.65
[2025-10-18T14:15:40.815Z] 7.61
[2025-10-18T14:15:44.073Z] 0.11
[2025-10-18T14:15:53.084Z] 6.49
[2025-10-18T14:16:15.111Z] 23.73
[2025-10-18T14:16:28.193Z] 20.21
[2025-10-18T14:16:32.232Z] 10.47
[2025-10-18T14:16:33.972Z] 24.51
[2025-10-18T14:16:47.449Z] 22.48
[2025-10-18T14:16:49.729Z] 9.1
[2025-10-18T14:17:02.718Z] 19.17
[2025-10-18T14:17:22.928Z] 1.16
[2025-10-18T14:17:31.529Z] 22.83
[2025-10-18T14:17:34.403Z] 3.7
[2025-10-18T14:17:45.962Z] 3.28
[2025-10-18T14:18:30.924Z] 20.56
[2025-10-18T14:18:38.136Z] 16.49
[2025-10-18T14:18:45.877Z] 15.17
[2025-10-18T14:18:49.561Z] 19.11
[2025-10-18T14:19:11.627Z] 2.65
[2025-10-18T14:19:15.574Z] 7.36
[2025-10-18T14:19:21.986Z] 21.63
[2025-10-18T14:19:26.727Z] 20.58
[2025-10-18T14:19:27.931Z] 14.43
[2025-10-18T14:19:31.882Z] 18.7
[2025-10-18T14:19:32.943Z] 20.83
[2025-10-18T14:19:41.949Z] 7.48
[2025-10-18T14:19:49.867Z] 10.97
[2025-10-18T14:19:54.262Z] 14.65
[2025-10-18T14:19:56.969Z] 15.7
[2025-10-18T14:20:06.710Z] 16.33
[2025-10-18T14:20:09.219Z] 1.71
[2025-10-18T14:20:10.565Z] 9.31
[2025-10-18T14:20:33.637Z] 8.74
[2025-10-18T14:20:44.767Z] 14.34
[2025-10-18T14:21:04.926Z] 6.72
[2025-10-18T14:21:12.949Z] 13.49
[2025-10-18T14:21:19.389Z] 22.16
[2025-10-18T14:21:46.976Z] 19.04
[2025-10-18T14:22:03.237Z] 14.89
[2025-10-18T14:22:04.319Z] 3.62
[2025-10-18T14:22:11.601Z] 18.61
[2025-10-18T14:22:15.715Z] 2.06
[2025-10-18T14:22:21.826Z] 15.61
[2025-10-18T14:22:27.794Z] 24.43
[2025-10-18T14:22:53.560Z] 8.72
[2025-10-18T14:22:58.402Z] 24.74
[2025-10-18T14:23:05.196Z] 5.17
[2025-10-18T14:23:06.921Z] 12.26
[2025-10-18T14:23:16.245Z] 13.16
[2025-10-18T14:23:19.635Z] 15.65
[2025-10-18T14:23:37.570Z] 15.68
[2025-10-18T14:23:53.123Z] 23.91
[2025-10-18T14:23:59.553Z] 14.31
[2025-10-18T14:24:01.646Z] 21.49
[2025-10-18T14:24:05.424Z] 22.21
[2025-10-18T14:24:08.612Z] 17.57
[2025-10-18T14:24:10.480Z] 8.21
[2025-10-18T14:24:21.051Z] 5.57
[2025-10-18T14:24:24.189Z] 6.25
[2025-10-18T14:24:28.572Z] 22.81
[2025-10-18T14:24:37.727Z] 7.36
[2025-10-18T14:24:40.056Z] 18.85
[2025-10-18T14:24:59.598Z] 22.78
[2025-10-18T14:25:10.013Z] 14.62
[2025-10-18T14:25:22.063Z] 0.99
[2025-10-18T14:25:27.745Z] 2.3
[2025-10-18T14:25:41.539Z] 19.83
[2025-10-18T14:25:44.547Z] 18.34
[2025-10-18T14:25:57.689Z] 18.35
[2025-10-18T14:26:10.098Z] 3.22
[2025-10-18T14:26:23.552Z] 9.53
[2025-10-18T14:26:27.844Z] 21.33
[2025-10-18T14:26:31.899Z] 14.8
[2025-10-18T14:26:33.581Z] 19
[2025-10-18T14:27:06.218Z] 15.1
[2025-10-18T14:27:07.329Z] 6.52
[2025-10-18T14:27:09.009Z] 20.78
[2025-10-18T14:27:12.157Z] 9.77
[2025-10-18T14:27:14.818Z] 4.38
[2025-10-18T14:27:20.851Z] 10.36
[2025-10-18T14:27:26.295Z] 6.95
[2025-10-18T14:27:30.822Z] 22.14
[2025-10-18T14:27:46.285Z] 21.84
[2025-10-18T14:27:57.227Z] 15.54
[2025-10-18T14:28:02.145Z] 1.08
[2025-10-18T14:28:04.664Z] 14.79
[2025-10-18T14:28:19.179Z] 0.18
[2025-10-18T14:28:29.301Z] 24.02
[2025-10-18T14:28:33.509Z] 18.4
[2025-10-18T14:28:47.962Z] 0.2
[2025-10-18T14:28:57.425Z] 2.8
[2025-10-18T14:29:04.895Z] 23.14
[2025-10-18T14:29:23.041Z] 13.93
[2025-10-18T14:29:49.238Z] 14.16
[2025-10-18T14:30:02.441Z] 16.39
[2025-10-18T14:30:22.208Z] 17.01
[2025-10-18T14:30:24.291Z] 0.71
[2025-10-18T14:30:28.845Z] 2.3
[2025-10-18T14:30:35.059Z] 8.27
[2025-10-18T14:30:51.346Z] 19.04
[2025-10-18T14:30:56.569Z] 7.45
[2025-10-18T14:31:01.475Z] 18.16
[2025-10-18T14:31:02.783Z] 19.94
[2025-10-18T14:31:04.920Z] 0.6
[2025-10-18T14:31:18.673Z] 9.97
[2025-10-18T14:31:25.119Z] 10
[2025-10-18T14:31:26.727Z] 7.44
[2025-10-18T14:31:31.357Z] 9.21
[2025-10-18T14:31:44.105Z] 8.71
[2025-10-18T14:31:49.878Z] 22.75
[2025-10-18T14:32:10.418Z] 1.23
[2025-10-18T14:32:14.226Z] 0.38
[2025-10-18T14:32:30.194Z] 20.17
[2025-10-18T14:32:36.695Z] 1.71
[2025-10-18T14:32:41.767Z] 24.5
[2025-10-18T14:32:45.451Z] 21.11
[2025-10-18T14:32:55.184Z] 23.82
[2025-10-18T14:33:13.829Z] 5.77
[2025-10-18T14:33:23.500Z] 12.62
[2025-10-18T14:33:46.937Z] 11.33
[2025-10-18T14:33:50.815Z] 5.44
[2025-10-18T14:33:59.032Z] 8.6
[2025-10-18T14:34:03.230Z] 19.97
[2025-10-18T14:34:08.706Z] 13.67
[2025-10-18T14:34:13.689Z] 12.85
[2025-10-18T14:34:15.379Z] 1.73
[2025-10-18T14:34:45.002Z] 8.26
[2025-10-18T14:34:49.808Z] 24.33
[2025-10-18T14:34:56.409Z] 9.82
[2025-10-18T14:35:00.618Z] 3.13
[2025-10-18T14:35:03.559Z] 12.86
[2025-10-18T14:35:18.904Z] 3.23
[2025-10-18T14:35:26.011Z] 24.03
[2025-10-18T14:35:27.849Z] 9.26
[2025-10-18T14:35:33.155Z] 19.22
[2025-10-18T14:35:41.999Z] 9.25
[2025-10-18T14:36:00.971Z] 11.93
[2025-10-18T14:36:02.584Z] 11.41
[2025-10-18T14:36:06.943Z] 9.64
[2025-10-18T14:36:17.227Z] 3.12
[2025-10-18T14:36:21.258Z] 24.74
[2025-10-18T14:36:26.769Z] 17.49
[2025-10-18T14:36:30.435Z] 3.52
[2025-10-18T14:36:50.973Z] 12.94
[2025-10-18T14:36:52.237Z] 7.24
[2025-10-18T14:36:53.561Z] 15.8
[2025-10-18T14:36:55.807Z] 10.03
[2025-10-18T14:36:57.411Z] 13.8
[2025-10-18T14:37:28.873Z] 17.11
[2025-10-18T14:37:36.065Z] 12.7
[2025-10-18T14:37:38.625Z] 6.33
[2025-10-18T14:37:53.147Z] 1.4
[2025-10-18T14:38:02.585Z] 17.8
[2025-10-18T14:38:13.253Z] 20.02
[2025-10-18T14:38:23.787Z] 11.97
[2025-10-18T14:38:29.930Z] 5.75
[2025-10-18T14:38:41.908Z] 24.8
[2025-10-18T14:38:53.504Z] 20.91
[2025-10-18T14:38:57.322Z] 1.51
[2025-10-18T14:38:58.458Z] 13.18
[2025-10-18T14:39:02.830Z] 5.07
[2025-10-18T14:39:04.848Z] 23.05
[2025-10-18T14:39:08.599Z] 15.55
[2025-10-18T14:39:18.415Z] 6.14
[2025-10-18T14:39:36.988Z] 0.06
[2025-10-18T14:39:42.824Z] 16.71
[2025-10-18T14:39:53.104Z] 0.56
[2025-10-18T14:39:57.288Z] 21.78
[2025-10-18T14:40:01.217Z] 22.71
[2025-10-18T14:40:02.381Z] 22.36
[2025-10-18T14:40:21.529Z] 18.23
[2025-10-18T14:40:29.897Z] 14.47
[2025-10-18T14:40:31.363Z] 21.88
[2025-10-18T14:40:35.706Z] 5.48
[2025-10-18T14:40:42.013Z] 10.14
[2025-10-18T14:41:10.380Z] 4.51
[2025-10-18T14:41:28.534Z] 0.23
[2025-10-18T14:41:31.404Z] 20.37
[2025-10-18T14:41:38.062Z] 13.62
[2025-10-18T14:41:44.914Z] 4.42
[2025-10-18T14:41:52.312Z] 9.85
[2025-10-18T14:42:06.788Z] 15.47
[2025-10-18T14:42:14.067Z] 10.94
[2025-10-18T14:42:23.396Z] 17.34
[2025-10-18T14:42:27.453Z] 0.07
[2025-10-18T14:42:30.873Z] 3.28
[2025-10-18T14:42:32.601Z] 9.45
[2025-10-18T14:42:43.092Z] 18.29
[2025-10-18T14:42:45.467Z] 8.13
[2025-10-18T14:42:49.232Z] 9.18
[2025-10-18T14:42:57.340Z] 6.74
[2025-10-18T14:42:59.769Z] 2.9
[2025-10-18T14:43:07.820Z] 19.69
[2025-10-18T14:43:14.900Z] 18.65
[2025-10-18T14:43:18.081Z] 5.01
[2025-10-18T14:43:29.958Z] 15.27
[2025-10-18T14:43:31.860Z] 0.98
[2025-10-18T14:43:36.837Z] 10.66
[2025-10-18T14:43:40.789Z] 14.25
[2025-10-18T14:43:42.483Z] 5.51
[2025-10-18T14:43:44.883Z] 18.59
[2025-10-18T14:43:48.035Z] 3.94
[2025-10-18T14:43:55.522Z] 8.28
[2025-10-18T14:43:59.849Z] 22.26
[2025-10-18T14:44:03.600Z] 9.85
[2025-10-18T14:44:15.975Z] 15.24
[2025-10-18T14:44:33.259Z] 8.05
[2025-10-18T14:44:35.477Z] 1.98
[2025-10-18T14:44:37.805Z] 3.86
[2025-10-18T14:44:39.015Z] 24.82
[2025-10-18T14:44:53.772Z] 11.42
[2025-10-18T14:45:02.050Z] 14.17
[2025-10-18T14:45:06.753Z] 18.62
[2025-10-18T14:45:11.337Z] 3.59
[2025-10-18T14:45:23.366Z] 23.84
[2025-10-18T14:45:29.967Z] 15.8
[2025-10-18T14:46:06.774Z] 1.52
[2025-10-18T14:46:14.199Z] 14.5
[2025-10-18T14:46:21.275Z] 23.2
[2025-10-18T14:46:36.042Z] 1.58
[2025-10-18T14:46:52.888Z] 23.59
[2025-10-18T14:46:56.078Z] 21
[2025-10-18T14:47:02.728Z] 14.9
[2025-10-18T14:47:05.567Z] 24.13
[2025-10-18T14:47:09.110Z] 13.88
[2025-10-18T14:47:15.652Z] 9.3
[2025-10-18T14:47:18.718Z] 6.99
[2025-10-18T14:47:25.794Z] 9.24
[2025-10-18T14:47:28.385Z] 11.47
[2025-10-18T14:47:36.336Z] 12.76
[2025-10-18T14:48:02.093Z] 17.31
[2025-10-18T14:48:06.340Z] 22.74
[2025-10-18T14:48:09.874Z] 17.73
[2025-10-18T14:48:18.316Z] 23.44
[2025-10-18T14:48:29.720Z] 24.87
[2025-10-18T14:48:36.457Z] 6.43
[2025-10-18T14:48:45.831Z] 1.85
[2025-10-18T14:48:58.282Z] 14.49
[2025-10-18T14:49:00.184Z] 2.7
[2025-10-18T14:49:19.230Z] 12.41
[2025-10-18T14:49:20.744Z] 8.78
[2025-10-18T14:49:38.737Z] 11.87
[2025-10-18T14:49:44.971Z] 23.37
[2025-10-18T14:49:54.127Z] 8.35
[2025-10-18T14:49:58.538Z] 23.78
[2025-10-18T14:50:05.840Z] 14.69
[2025-10-18T14:50:10.072Z] 19.79
[2025-10-18T14:50:12.984Z] 17.09
[2025-10-18T14:50:15.735Z] 19.59
[2025-10-18T14:50:27.075Z] 20.4
[2025-10-18T14:50:31.175Z] 10.96
[2025-10-18T14:50:38.400Z] 20.21
[2025-10-18T14:50:41.258Z] 12
[2025-10-18T14:50:42.847Z] 24.65
[2025-10-18T14:50:52.876Z] 2.79
[2025-10-18T14:51:01.796Z] 14.1
[2025-10-18T14:51:27.119Z] 9.31
[2025-10-18T14:51:30.527Z] 10.91
[2025-10-18T14:51:34.229Z] 22.43
[2025-10-18T14:51:37.185Z] 22.35
[2025-10-18T14:51:44.639Z] 12.41
[2025-10-18T14:51:49.610Z] 8.79
[2025-10-18T14:51:52.350Z] 4.19
[2025-10-18T14:52:04.478Z] 1.39
[2025-10-18T14:52:14.514Z] 8.66
[2025-10-18T14:52:34.049Z] 17.27
[2025-10-18T14:52:48.749Z] 13.15
[2025-10-18T14:52:58.281Z] 10.42
[2025-10-18T14:53:05.142Z] 0.58
[2025-10-18T14:53:11.348Z] 1.9
[2025-10-18T14:53:14.735Z] 15.49
[2025-10-18T14:53:41.183Z] 6.65
[2025-10-18T14:53:45.159Z] 8.5
[2025-10-18T14:53:53.332Z] 6.51
[2025-10-18T14:54:04.602Z] 23.21
[2025-10-18T14:54:06.934Z] 6.12
[2025-10-18T14:54:17.726Z] 6.58
[2025-10-18T14:54:18.985Z] 14.92
[2025-10-18T14:54:25.028Z] 12.96
[2025-10-18T14:54:28.172Z] 23
[2025-10-18T14:55:05.400Z] 5.19
[2025-10-18T14:55:16.380Z] 2.02
[2025-10-18T14:55:24.439Z] 12.41
[2025-10-18T14:56:25.230Z] 6.87
[2025-10-18T14:56:41.591Z] 8.01
[2025-10-18T14:56:51.367Z] 7.12
[2025-10-18T14:56:54.805Z] 3.74
[2025-10-18T14:57:00.875Z] 9.75
[2025-10-18T14:57:27.831Z] 8.61
[2025-10-18T14:57:34.370Z] 4.68
